<?xml version="1.0" encoding="UTF-8"?>
<testsuite name="com.mushopl.daos.ProductDAOTest" tests="1" skipped="0" failures="0" errors="0" timestamp="2017-06-20T17:39:38" hostname="ROBERTO" time="0.761">
  <properties/>
  <testcase name="shouldSumEveryPriceByBookType" classname="com.mushopl.daos.ProductDAOTest" time="0.761"/>
  <system-out><![CDATA[14:39:37.478 [Test worker] DEBUG org.springframework.test.context.junit4.SpringJUnit4ClassRunner - SpringJUnit4ClassRunner constructor called with [class com.mushopl.daos.ProductDAOTest].
14:39:37.478 [Test worker] DEBUG org.springframework.test.context.BootstrapUtils - Instantiating TestContextBootstrapper from class [org.springframework.test.context.support.DefaultTestContextBootstrapper]
14:39:37.484 [Test worker] DEBUG org.springframework.test.context.support.AbstractDelegatingSmartContextLoader - Delegating to AnnotationConfigContextLoader to process context configuration [ContextConfigurationAttributes@58aeb04d declaringClass = 'com.mushopl.daos.ProductDAOTest', classes = '{class com.mushopl.config.JPAConfiguration, class com.mushopl.daos.ProductDAO, class com.mushopl.conf.DataSourceConfigurationTest}', locations = '{}', inheritLocations = true, initializers = '{}', inheritInitializers = true, name = [null], contextLoaderClass = 'org.springframework.test.context.ContextLoader'].
14:39:37.484 [Test worker] DEBUG org.springframework.test.context.support.DefaultTestContextBootstrapper - @TestExecutionListeners is not present for class [com.mushopl.daos.ProductDAOTest]: using defaults.
14:39:37.491 [Test worker] INFO org.springframework.test.context.support.DefaultTestContextBootstrapper - Loaded default TestExecutionListener class names from location [META-INF/spring.factories]: [org.springframework.security.test.context.support.WithSecurityContextTestExecutionListener, org.springframework.test.context.web.ServletTestExecutionListener, org.springframework.test.context.support.DependencyInjectionTestExecutionListener, org.springframework.test.context.support.DirtiesContextTestExecutionListener, org.springframework.test.context.transaction.TransactionalTestExecutionListener, org.springframework.test.context.jdbc.SqlScriptsTestExecutionListener, org.springframework.boot.test.mock.mockito.MockitoTestExecutionListener, org.springframework.boot.test.mock.mockito.ResetMocksTestExecutionListener, org.springframework.boot.test.autoconfigure.restdocs.RestDocsTestExecutionListener, org.springframework.boot.test.autoconfigure.web.client.MockRestServiceServerResetTestExecutionListener, org.springframework.boot.test.autoconfigure.web.servlet.MockMvcPrintOnlyOnFailureTestExecutionListener, org.springframework.boot.test.autoconfigure.web.servlet.WebDriverTestExecutionListener]
14:39:37.491 [Test worker] INFO org.springframework.test.context.support.DefaultTestContextBootstrapper - Using TestExecutionListeners: [org.springframework.test.context.web.ServletTestExecutionListener@197946f4, org.springframework.test.context.support.DependencyInjectionTestExecutionListener@1a5ee44f, org.springframework.test.context.support.DirtiesContextTestExecutionListener@25e9edf0, org.springframework.test.context.transaction.TransactionalTestExecutionListener@3e6af17f, org.springframework.test.context.jdbc.SqlScriptsTestExecutionListener@6d774ea0, org.springframework.security.test.context.support.WithSecurityContextTestExecutionListener@e6b3dd, org.springframework.boot.test.autoconfigure.web.servlet.MockMvcPrintOnlyOnFailureTestExecutionListener@6a0a585c, org.springframework.boot.test.autoconfigure.web.client.MockRestServiceServerResetTestExecutionListener@302bd6b, org.springframework.boot.test.mock.mockito.ResetMocksTestExecutionListener@5457e1e5, org.springframework.boot.test.autoconfigure.restdocs.RestDocsTestExecutionListener@611ad8e9, org.springframework.boot.test.autoconfigure.web.servlet.WebDriverTestExecutionListener@59eab42e, org.springframework.boot.test.mock.mockito.MockitoTestExecutionListener@4f95a39d]
14:39:37.491 [Test worker] DEBUG org.springframework.test.annotation.ProfileValueUtils - Retrieved @ProfileValueSourceConfiguration [null] for test class [com.mushopl.daos.ProductDAOTest]
14:39:37.491 [Test worker] DEBUG org.springframework.test.annotation.ProfileValueUtils - Retrieved ProfileValueSource type [class org.springframework.test.annotation.SystemProfileValueSource] for class [com.mushopl.daos.ProductDAOTest]
14:39:37.492 [Test worker] DEBUG org.springframework.test.annotation.ProfileValueUtils - Retrieved @ProfileValueSourceConfiguration [null] for test class [com.mushopl.daos.ProductDAOTest]
14:39:37.492 [Test worker] DEBUG org.springframework.test.annotation.ProfileValueUtils - Retrieved ProfileValueSource type [class org.springframework.test.annotation.SystemProfileValueSource] for class [com.mushopl.daos.ProductDAOTest]
14:39:37.494 [Test worker] DEBUG org.springframework.test.annotation.ProfileValueUtils - Retrieved @ProfileValueSourceConfiguration [null] for test class [com.mushopl.daos.ProductDAOTest]
14:39:37.494 [Test worker] DEBUG org.springframework.test.annotation.ProfileValueUtils - Retrieved ProfileValueSource type [class org.springframework.test.annotation.SystemProfileValueSource] for class [com.mushopl.daos.ProductDAOTest]
14:39:37.495 [Test worker] DEBUG org.springframework.test.context.support.DependencyInjectionTestExecutionListener - Performing dependency injection for test context [[DefaultTestContext@24a63b43 testClass = ProductDAOTest, testInstance = com.mushopl.daos.ProductDAOTest@134c72ae, testMethod = [null], testException = [null], mergedContextConfiguration = [MergedContextConfiguration@1f8bff2d testClass = ProductDAOTest, locations = '{}', classes = '{class com.mushopl.config.JPAConfiguration, class com.mushopl.daos.ProductDAO, class com.mushopl.conf.DataSourceConfigurationTest}', contextInitializerClasses = '[]', activeProfiles = '{test}', propertySourceLocations = '{}', propertySourceProperties = '{}', contextLoader = 'org.springframework.test.context.support.DelegatingSmartContextLoader', parent = [null]]]].
14:39:37.495 [Test worker] DEBUG org.springframework.test.context.support.AbstractDelegatingSmartContextLoader - Delegating to AnnotationConfigContextLoader to load context from [MergedContextConfiguration@1f8bff2d testClass = ProductDAOTest, locations = '{}', classes = '{class com.mushopl.config.JPAConfiguration, class com.mushopl.daos.ProductDAO, class com.mushopl.conf.DataSourceConfigurationTest}', contextInitializerClasses = '[]', activeProfiles = '{test}', propertySourceLocations = '{}', propertySourceProperties = '{}', contextLoader = 'org.springframework.test.context.support.DelegatingSmartContextLoader', parent = [null]].
14:39:37.495 [Test worker] DEBUG org.springframework.test.context.support.AbstractGenericContextLoader - Loading ApplicationContext for merged context configuration [[MergedContextConfiguration@1f8bff2d testClass = ProductDAOTest, locations = '{}', classes = '{class com.mushopl.config.JPAConfiguration, class com.mushopl.daos.ProductDAO, class com.mushopl.conf.DataSourceConfigurationTest}', contextInitializerClasses = '[]', activeProfiles = '{test}', propertySourceLocations = '{}', propertySourceProperties = '{}', contextLoader = 'org.springframework.test.context.support.DelegatingSmartContextLoader', parent = [null]]].
14:39:37.495 [Test worker] DEBUG org.springframework.core.env.StandardEnvironment - Adding [systemProperties] PropertySource with lowest search precedence
14:39:37.495 [Test worker] DEBUG org.springframework.core.env.StandardEnvironment - Adding [systemEnvironment] PropertySource with lowest search precedence
14:39:37.495 [Test worker] DEBUG org.springframework.core.env.StandardEnvironment - Initialized StandardEnvironment with PropertySources [systemProperties,systemEnvironment]
14:39:37.495 [Test worker] DEBUG org.springframework.test.context.support.AnnotationConfigContextLoader - Registering annotated classes: {class com.mushopl.config.JPAConfiguration, class com.mushopl.daos.ProductDAO, class com.mushopl.conf.DataSourceConfigurationTest}
14:39:37.499 [Test worker] INFO org.springframework.context.support.GenericApplicationContext - Refreshing org.springframework.context.support.GenericApplicationContext@7de02e0a: startup date [Tue Jun 20 14:39:37 BRT 2017]; root of context hierarchy
14:39:37.499 [Test worker] DEBUG org.springframework.context.support.GenericApplicationContext - Bean factory for org.springframework.context.support.GenericApplicationContext@7de02e0a: org.springframework.beans.factory.support.DefaultListableBeanFactory@68897ed6: defining beans [org.springframework.context.annotation.internalConfigurationAnnotationProcessor,org.springframework.context.annotation.internalAutowiredAnnotationProcessor,org.springframework.context.annotation.internalRequiredAnnotationProcessor,org.springframework.context.annotation.internalCommonAnnotationProcessor,org.springframework.context.annotation.internalPersistenceAnnotationProcessor,org.springframework.context.event.internalEventListenerProcessor,org.springframework.context.event.internalEventListenerFactory,JPAConfiguration,productDAO,dataSourceConfigurationTest]; root of factory hierarchy
14:39:37.500 [Test worker] DEBUG org.springframework.beans.factory.support.DefaultListableBeanFactory - Creating shared instance of singleton bean 'org.springframework.context.annotation.internalConfigurationAnnotationProcessor'
14:39:37.500 [Test worker] DEBUG org.springframework.beans.factory.support.DefaultListableBeanFactory - Creating instance of bean 'org.springframework.context.annotation.internalConfigurationAnnotationProcessor'
14:39:37.500 [Test worker] DEBUG org.springframework.beans.factory.support.DefaultListableBeanFactory - Eagerly caching bean 'org.springframework.context.annotation.internalConfigurationAnnotationProcessor' to allow for resolving potential circular references
14:39:37.500 [Test worker] DEBUG org.springframework.beans.factory.support.DefaultListableBeanFactory - Finished creating instance of bean 'org.springframework.context.annotation.internalConfigurationAnnotationProcessor'
14:39:37.552 [Test worker] DEBUG org.springframework.context.annotation.ConfigurationClassBeanDefinitionReader - Registered bean definition for imported class 'org.springframework.transaction.annotation.ProxyTransactionManagementConfiguration'
14:39:37.553 [Test worker] DEBUG org.springframework.context.annotation.ConfigurationClassBeanDefinitionReader - Registering bean definition for @Bean method org.springframework.transaction.annotation.ProxyTransactionManagementConfiguration.org.springframework.transaction.config.internalTransactionAdvisor()
14:39:37.555 [Test worker] DEBUG org.springframework.context.annotation.ConfigurationClassBeanDefinitionReader - Registering bean definition for @Bean method org.springframework.transaction.annotation.ProxyTransactionManagementConfiguration.transactionAttributeSource()
14:39:37.559 [Test worker] DEBUG org.springframework.context.annotation.ConfigurationClassBeanDefinitionReader - Registering bean definition for @Bean method org.springframework.transaction.annotation.ProxyTransactionManagementConfiguration.transactionInterceptor()
14:39:37.560 [Test worker] DEBUG org.springframework.context.annotation.ConfigurationClassBeanDefinitionReader - Registering bean definition for @Bean method org.springframework.transaction.annotation.ProxyTransactionManagementConfiguration.org.springframework.transaction.config.internalTransactionalEventListenerFactory()
14:39:37.561 [Test worker] DEBUG org.springframework.context.annotation.ConfigurationClassBeanDefinitionReader - Registering bean definition for @Bean method com.mushopl.config.JPAConfiguration.entityManagerFactory()
14:39:37.562 [Test worker] DEBUG org.springframework.context.annotation.ConfigurationClassBeanDefinitionReader - Registering bean definition for @Bean method com.mushopl.config.JPAConfiguration.transactionManager()
14:39:37.562 [Test worker] DEBUG org.springframework.context.annotation.ConfigurationClassBeanDefinitionReader - Registering bean definition for @Bean method com.mushopl.conf.DataSourceConfigurationTest.dataSource()
14:39:37.564 [Test worker] DEBUG org.springframework.context.annotation.ConfigurationClassEnhancer - Successfully enhanced com.mushopl.config.JPAConfiguration; enhanced class name is: com.mushopl.config.JPAConfiguration$$EnhancerBySpringCGLIB$$4cab9239
14:39:37.565 [Test worker] DEBUG org.springframework.context.annotation.ConfigurationClassPostProcessor - Replacing bean definition 'JPAConfiguration' existing class 'com.mushopl.config.JPAConfiguration' with enhanced class 'com.mushopl.config.JPAConfiguration$$EnhancerBySpringCGLIB$$4cab9239'
14:39:37.565 [Test worker] DEBUG org.springframework.context.annotation.ConfigurationClassEnhancer - Successfully enhanced org.springframework.transaction.annotation.ProxyTransactionManagementConfiguration; enhanced class name is: org.springframework.transaction.annotation.ProxyTransactionManagementConfiguration$$EnhancerBySpringCGLIB$$f24db63a
14:39:37.566 [Test worker] DEBUG org.springframework.context.annotation.ConfigurationClassPostProcessor - Replacing bean definition 'org.springframework.transaction.annotation.ProxyTransactionManagementConfiguration' existing class 'org.springframework.transaction.annotation.ProxyTransactionManagementConfiguration' with enhanced class 'org.springframework.transaction.annotation.ProxyTransactionManagementConfiguration$$EnhancerBySpringCGLIB$$f24db63a'
14:39:37.567 [Test worker] DEBUG org.springframework.beans.factory.support.DefaultListableBeanFactory - Creating shared instance of singleton bean 'org.springframework.context.annotation.internalAutowiredAnnotationProcessor'
14:39:37.567 [Test worker] DEBUG org.springframework.beans.factory.support.DefaultListableBeanFactory - Creating instance of bean 'org.springframework.context.annotation.internalAutowiredAnnotationProcessor'
14:39:37.569 [Test worker] DEBUG org.springframework.beans.factory.support.DefaultListableBeanFactory - Eagerly caching bean 'org.springframework.context.annotation.internalAutowiredAnnotationProcessor' to allow for resolving potential circular references
14:39:37.577 [Test worker] DEBUG org.springframework.beans.factory.support.DefaultListableBeanFactory - Finished creating instance of bean 'org.springframework.context.annotation.internalAutowiredAnnotationProcessor'
14:39:37.577 [Test worker] DEBUG org.springframework.beans.factory.support.DefaultListableBeanFactory - Creating shared instance of singleton bean 'org.springframework.context.annotation.internalRequiredAnnotationProcessor'
14:39:37.578 [Test worker] DEBUG org.springframework.beans.factory.support.DefaultListableBeanFactory - Creating instance of bean 'org.springframework.context.annotation.internalRequiredAnnotationProcessor'
14:39:37.578 [Test worker] DEBUG org.springframework.beans.factory.support.DefaultListableBeanFactory - Eagerly caching bean 'org.springframework.context.annotation.internalRequiredAnnotationProcessor' to allow for resolving potential circular references
14:39:37.583 [Test worker] DEBUG org.springframework.beans.factory.support.DefaultListableBeanFactory - Finished creating instance of bean 'org.springframework.context.annotation.internalRequiredAnnotationProcessor'
14:39:37.584 [Test worker] DEBUG org.springframework.beans.factory.support.DefaultListableBeanFactory - Creating shared instance of singleton bean 'org.springframework.context.annotation.internalCommonAnnotationProcessor'
14:39:37.584 [Test worker] DEBUG org.springframework.beans.factory.support.DefaultListableBeanFactory - Creating instance of bean 'org.springframework.context.annotation.internalCommonAnnotationProcessor'
14:39:37.585 [Test worker] DEBUG org.springframework.beans.factory.support.DefaultListableBeanFactory - Eagerly caching bean 'org.springframework.context.annotation.internalCommonAnnotationProcessor' to allow for resolving potential circular references
14:39:37.592 [Test worker] DEBUG org.springframework.beans.factory.support.DefaultListableBeanFactory - Finished creating instance of bean 'org.springframework.context.annotation.internalCommonAnnotationProcessor'
14:39:37.593 [Test worker] DEBUG org.springframework.beans.factory.support.DefaultListableBeanFactory - Creating shared instance of singleton bean 'org.springframework.context.annotation.internalPersistenceAnnotationProcessor'
14:39:37.594 [Test worker] DEBUG org.springframework.beans.factory.support.DefaultListableBeanFactory - Creating instance of bean 'org.springframework.context.annotation.internalPersistenceAnnotationProcessor'
14:39:37.595 [Test worker] DEBUG org.springframework.beans.factory.support.DefaultListableBeanFactory - Eagerly caching bean 'org.springframework.context.annotation.internalPersistenceAnnotationProcessor' to allow for resolving potential circular references
14:39:37.740 [Test worker] DEBUG org.springframework.beans.factory.support.DefaultListableBeanFactory - Finished creating instance of bean 'org.springframework.context.annotation.internalPersistenceAnnotationProcessor'
14:39:37.741 [Test worker] DEBUG org.springframework.beans.factory.support.DefaultListableBeanFactory - Creating shared instance of singleton bean 'org.springframework.aop.config.internalAutoProxyCreator'
14:39:37.741 [Test worker] DEBUG org.springframework.beans.factory.support.DefaultListableBeanFactory - Creating instance of bean 'org.springframework.aop.config.internalAutoProxyCreator'
14:39:37.742 [Test worker] DEBUG org.springframework.beans.factory.support.DefaultListableBeanFactory - Eagerly caching bean 'org.springframework.aop.config.internalAutoProxyCreator' to allow for resolving potential circular references
14:39:37.764 [Test worker] DEBUG org.springframework.beans.factory.support.DefaultListableBeanFactory - Finished creating instance of bean 'org.springframework.aop.config.internalAutoProxyCreator'
14:39:37.765 [Test worker] DEBUG org.springframework.context.support.GenericApplicationContext - Unable to locate MessageSource with name 'messageSource': using default [org.springframework.context.support.DelegatingMessageSource@3b295907]
14:39:37.766 [Test worker] DEBUG org.springframework.context.support.GenericApplicationContext - Unable to locate ApplicationEventMulticaster with name 'applicationEventMulticaster': using default [org.springframework.context.event.SimpleApplicationEventMulticaster@4c28ccf2]
14:39:37.767 [Test worker] DEBUG org.springframework.beans.factory.support.DefaultListableBeanFactory - Creating shared instance of singleton bean 'entityManagerFactory'
14:39:37.768 [Test worker] DEBUG org.springframework.beans.factory.support.DefaultListableBeanFactory - Creating instance of bean 'entityManagerFactory'
14:39:37.768 [Test worker] DEBUG org.springframework.beans.factory.support.DefaultListableBeanFactory - Creating shared instance of singleton bean 'JPAConfiguration'
14:39:37.768 [Test worker] DEBUG org.springframework.beans.factory.support.DefaultListableBeanFactory - Creating instance of bean 'JPAConfiguration'
14:39:37.769 [Test worker] DEBUG org.springframework.beans.factory.support.DefaultListableBeanFactory - Eagerly caching bean 'JPAConfiguration' to allow for resolving potential circular references
14:39:37.771 [Test worker] DEBUG org.springframework.beans.factory.support.DefaultListableBeanFactory - Creating shared instance of singleton bean 'org.springframework.transaction.config.internalTransactionAdvisor'
14:39:37.771 [Test worker] DEBUG org.springframework.beans.factory.support.DefaultListableBeanFactory - Creating instance of bean 'org.springframework.transaction.config.internalTransactionAdvisor'
14:39:37.772 [Test worker] DEBUG org.springframework.beans.factory.support.DefaultListableBeanFactory - Creating shared instance of singleton bean 'org.springframework.transaction.annotation.ProxyTransactionManagementConfiguration'
14:39:37.772 [Test worker] DEBUG org.springframework.beans.factory.support.DefaultListableBeanFactory - Creating instance of bean 'org.springframework.transaction.annotation.ProxyTransactionManagementConfiguration'
14:39:37.775 [Test worker] DEBUG org.springframework.beans.factory.annotation.InjectionMetadata - Registered injected element on class [org.springframework.transaction.annotation.ProxyTransactionManagementConfiguration$$EnhancerBySpringCGLIB$$f24db63a]: AutowiredMethodElement for void org.springframework.transaction.annotation.AbstractTransactionManagementConfiguration.setConfigurers(java.util.Collection)
14:39:37.775 [Test worker] DEBUG org.springframework.beans.factory.support.DefaultListableBeanFactory - Eagerly caching bean 'org.springframework.transaction.annotation.ProxyTransactionManagementConfiguration' to allow for resolving potential circular references
14:39:37.777 [Test worker] DEBUG org.springframework.beans.factory.annotation.InjectionMetadata - Processing injected element of bean 'org.springframework.transaction.annotation.ProxyTransactionManagementConfiguration': AutowiredMethodElement for void org.springframework.transaction.annotation.AbstractTransactionManagementConfiguration.setConfigurers(java.util.Collection)
14:39:37.778 [Test worker] DEBUG org.springframework.beans.factory.support.DefaultListableBeanFactory - Returning cached instance of singleton bean 'org.springframework.context.annotation.ConfigurationClassPostProcessor.importRegistry'
14:39:37.778 [Test worker] DEBUG org.springframework.aop.framework.autoproxy.BeanFactoryAdvisorRetrievalHelper - Skipping currently created advisor 'org.springframework.transaction.config.internalTransactionAdvisor'
14:39:37.779 [Test worker] DEBUG org.springframework.beans.factory.support.DefaultListableBeanFactory - Finished creating instance of bean 'org.springframework.transaction.annotation.ProxyTransactionManagementConfiguration'
14:39:37.780 [Test worker] DEBUG org.springframework.beans.factory.support.DefaultListableBeanFactory - Creating shared instance of singleton bean 'transactionAttributeSource'
14:39:37.780 [Test worker] DEBUG org.springframework.beans.factory.support.DefaultListableBeanFactory - Creating instance of bean 'transactionAttributeSource'
14:39:37.780 [Test worker] DEBUG org.springframework.beans.factory.support.DefaultListableBeanFactory - Returning cached instance of singleton bean 'org.springframework.transaction.annotation.ProxyTransactionManagementConfiguration'
14:39:37.781 [Test worker] DEBUG org.springframework.beans.factory.support.DefaultListableBeanFactory - Eagerly caching bean 'transactionAttributeSource' to allow for resolving potential circular references
14:39:37.783 [Test worker] DEBUG org.springframework.aop.framework.autoproxy.BeanFactoryAdvisorRetrievalHelper - Skipping currently created advisor 'org.springframework.transaction.config.internalTransactionAdvisor'
14:39:37.783 [Test worker] DEBUG org.springframework.beans.factory.support.DefaultListableBeanFactory - Finished creating instance of bean 'transactionAttributeSource'
14:39:37.784 [Test worker] DEBUG org.springframework.beans.factory.support.DefaultListableBeanFactory - Creating shared instance of singleton bean 'transactionInterceptor'
14:39:37.784 [Test worker] DEBUG org.springframework.beans.factory.support.DefaultListableBeanFactory - Creating instance of bean 'transactionInterceptor'
14:39:37.784 [Test worker] DEBUG org.springframework.beans.factory.support.DefaultListableBeanFactory - Returning cached instance of singleton bean 'org.springframework.transaction.annotation.ProxyTransactionManagementConfiguration'
14:39:37.785 [Test worker] DEBUG org.springframework.beans.factory.support.DefaultListableBeanFactory - Returning cached instance of singleton bean 'transactionAttributeSource'
14:39:37.785 [Test worker] DEBUG org.springframework.beans.factory.support.DefaultListableBeanFactory - Eagerly caching bean 'transactionInterceptor' to allow for resolving potential circular references
14:39:37.790 [Test worker] DEBUG org.springframework.beans.factory.support.DefaultListableBeanFactory - Invoking afterPropertiesSet() on bean with name 'transactionInterceptor'
14:39:37.791 [Test worker] DEBUG org.springframework.beans.factory.support.DefaultListableBeanFactory - Finished creating instance of bean 'transactionInterceptor'
14:39:37.792 [Test worker] DEBUG org.springframework.beans.factory.support.DefaultListableBeanFactory - Eagerly caching bean 'org.springframework.transaction.config.internalTransactionAdvisor' to allow for resolving potential circular references
14:39:37.805 [Test worker] DEBUG org.springframework.beans.factory.support.DefaultListableBeanFactory - Finished creating instance of bean 'org.springframework.transaction.config.internalTransactionAdvisor'
14:39:37.807 [Test worker] DEBUG org.springframework.beans.factory.support.DefaultListableBeanFactory - Finished creating instance of bean 'JPAConfiguration'
14:39:37.813 [Test worker] DEBUG org.springframework.beans.factory.support.DefaultListableBeanFactory - Creating shared instance of singleton bean 'dataSource'
14:39:37.814 [Test worker] DEBUG org.springframework.beans.factory.support.DefaultListableBeanFactory - Creating instance of bean 'dataSource'
14:39:37.814 [Test worker] DEBUG org.springframework.beans.factory.support.DefaultListableBeanFactory - Creating shared instance of singleton bean 'dataSourceConfigurationTest'
14:39:37.815 [Test worker] DEBUG org.springframework.beans.factory.support.DefaultListableBeanFactory - Creating instance of bean 'dataSourceConfigurationTest'
14:39:37.815 [Test worker] DEBUG org.springframework.beans.factory.support.DefaultListableBeanFactory - Eagerly caching bean 'dataSourceConfigurationTest' to allow for resolving potential circular references
14:39:37.816 [Test worker] DEBUG org.springframework.beans.factory.support.DefaultListableBeanFactory - Returning cached instance of singleton bean 'org.springframework.transaction.config.internalTransactionAdvisor'
14:39:37.816 [Test worker] DEBUG org.springframework.beans.factory.support.DefaultListableBeanFactory - Finished creating instance of bean 'dataSourceConfigurationTest'
14:39:37.817 [Test worker] INFO org.springframework.jdbc.datasource.DriverManagerDataSource - Loaded JDBC driver: org.h2.Driver
14:39:37.817 [Test worker] DEBUG org.springframework.beans.factory.support.DefaultListableBeanFactory - Eagerly caching bean 'dataSource' to allow for resolving potential circular references
14:39:37.818 [Test worker] DEBUG org.springframework.beans.factory.support.DefaultListableBeanFactory - Returning cached instance of singleton bean 'org.springframework.transaction.config.internalTransactionAdvisor'
14:39:37.819 [Test worker] DEBUG org.springframework.beans.factory.support.DefaultListableBeanFactory - Finished creating instance of bean 'dataSource'
14:39:37.819 [Test worker] DEBUG org.springframework.beans.factory.support.DefaultListableBeanFactory - Autowiring by type from bean name 'entityManagerFactory' via factory method to bean named 'dataSource'
14:39:37.820 [Test worker] DEBUG org.springframework.beans.factory.support.DefaultListableBeanFactory - Eagerly caching bean 'entityManagerFactory' to allow for resolving potential circular references
14:39:37.840 [Test worker] DEBUG org.springframework.beans.factory.support.DefaultListableBeanFactory - Invoking afterPropertiesSet() on bean with name 'entityManagerFactory'
14:39:37.841 [Test worker] DEBUG org.springframework.core.io.support.PathMatchingResourcePatternResolver - Resolved classpath location [META-INF/persistence.xml] to resources []
14:39:37.843 [Test worker] DEBUG org.springframework.core.io.support.PathMatchingResourcePatternResolver - Resolved classpath location [com/mushopl/models/] to resources [URL [file:/C:/Users/Monitora/Documents/workspace/rebalancing/build/classes/main/com/mushopl/models/]]
14:39:37.844 [Test worker] DEBUG org.springframework.core.io.support.PathMatchingResourcePatternResolver - Looking for matching resources in directory tree [C:\Users\Monitora\Documents\workspace\rebalancing\build\classes\main\com\mushopl\models]
14:39:37.844 [Test worker] DEBUG org.springframework.core.io.support.PathMatchingResourcePatternResolver - Searching directory [C:\Users\Monitora\Documents\workspace\rebalancing\build\classes\main\com\mushopl\models] for files matching pattern [C:/Users/Monitora/Documents/workspace/rebalancing/build/classes/main/com/mushopl/models/**/*.class]
14:39:37.847 [Test worker] DEBUG org.springframework.core.io.support.PathMatchingResourcePatternResolver - Resolved location pattern [classpath*:com/mushopl/models/**/*.class] to resources [file [C:\Users\Monitora\Documents\workspace\rebalancing\build\classes\main\com\mushopl\models\BlogPost.class], file [C:\Users\Monitora\Documents\workspace\rebalancing\build\classes\main\com\mushopl\models\CartItem.class], file [C:\Users\Monitora\Documents\workspace\rebalancing\build\classes\main\com\mushopl\models\PaymentData.class], file [C:\Users\Monitora\Documents\workspace\rebalancing\build\classes\main\com\mushopl\models\Price.class], file [C:\Users\Monitora\Documents\workspace\rebalancing\build\classes\main\com\mushopl\models\Product.class], file [C:\Users\Monitora\Documents\workspace\rebalancing\build\classes\main\com\mushopl\models\Role.class], file [C:\Users\Monitora\Documents\workspace\rebalancing\build\classes\main\com\mushopl\models\ShoppingCart.class], file [C:\Users\Monitora\Documents\workspace\rebalancing\build\classes\main\com\mushopl\models\TypePrice.class], file [C:\Users\Monitora\Documents\workspace\rebalancing\build\classes\main\com\mushopl\models\User.class]]
14:39:37.856 [Test worker] INFO org.springframework.orm.jpa.LocalContainerEntityManagerFactoryBean - Building JPA container EntityManagerFactory for persistence unit 'default'
14:39:37.856 [Test worker] DEBUG org.hibernate.jpa.internal.util.LogHelper - PersistenceUnitInfo [
	name: default
	persistence provider classname: null
	classloader: sun.misc.Launcher$AppClassLoader@73d16e93
	excludeUnlistedClasses: true
	JTA datasource: null
	Non JTA datasource: org.springframework.jdbc.datasource.DriverManagerDataSource@4e0899dc
	Transaction type: RESOURCE_LOCAL
	PU root URL: file:/C:/Users/Monitora/Documents/workspace/rebalancing/build/classes/test/
	Shared Cache Mode: UNSPECIFIED
	Validation Mode: AUTO
	Jar files URLs []
	Managed classes names [
		com.mushopl.models.BlogPost
		com.mushopl.models.CartItem
		com.mushopl.models.Price
		com.mushopl.models.Product
		com.mushopl.models.Role
		com.mushopl.models.ShoppingCart
		com.mushopl.models.User]
	Mapping files names []
	Properties []
14:39:38.040 [Test worker] DEBUG org.hibernate.integrator.internal.IntegratorServiceImpl - Adding Integrator [org.hibernate.cfg.beanvalidation.BeanValidationIntegrator].
14:39:38.040 [Test worker] DEBUG org.hibernate.integrator.internal.IntegratorServiceImpl - Adding Integrator [org.hibernate.secure.spi.JaccIntegrator].
14:39:38.041 [Test worker] DEBUG org.hibernate.integrator.internal.IntegratorServiceImpl - Adding Integrator [org.hibernate.cache.internal.CollectionCacheInvalidator].
14:39:38.041 [Test worker] DEBUG org.hibernate.integrator.internal.IntegratorServiceImpl - Adding Integrator [org.hibernate.jpa.event.spi.JpaIntegrator].
14:39:38.175 [Test worker] DEBUG org.hibernate.service.spi.ServiceBinding - Overriding existing service binding [org.hibernate.secure.spi.JaccService]
14:39:38.178 [Test worker] DEBUG org.hibernate.cache.internal.RegionFactoryInitiator - Cache region factory : org.hibernate.cache.internal.NoCachingRegionFactory
14:39:38.191 [Test worker] DEBUG org.hibernate.type.BasicTypeRegistry - Adding type registration boolean -> org.hibernate.type.BooleanType@4718bfd
14:39:38.191 [Test worker] DEBUG org.hibernate.type.BasicTypeRegistry - Adding type registration boolean -> org.hibernate.type.BooleanType@4718bfd
14:39:38.192 [Test worker] DEBUG org.hibernate.type.BasicTypeRegistry - Adding type registration java.lang.Boolean -> org.hibernate.type.BooleanType@4718bfd
14:39:38.192 [Test worker] DEBUG org.hibernate.type.BasicTypeRegistry - Adding type registration numeric_boolean -> org.hibernate.type.NumericBooleanType@7d7fa823
14:39:38.192 [Test worker] DEBUG org.hibernate.type.BasicTypeRegistry - Adding type registration true_false -> org.hibernate.type.TrueFalseType@6c051494
14:39:38.192 [Test worker] DEBUG org.hibernate.type.BasicTypeRegistry - Adding type registration yes_no -> org.hibernate.type.YesNoType@4a0c8600
14:39:38.192 [Test worker] DEBUG org.hibernate.type.BasicTypeRegistry - Adding type registration byte -> org.hibernate.type.ByteType@19621c2e
14:39:38.193 [Test worker] DEBUG org.hibernate.type.BasicTypeRegistry - Adding type registration byte -> org.hibernate.type.ByteType@19621c2e
14:39:38.193 [Test worker] DEBUG org.hibernate.type.BasicTypeRegistry - Adding type registration java.lang.Byte -> org.hibernate.type.ByteType@19621c2e
14:39:38.193 [Test worker] DEBUG org.hibernate.type.BasicTypeRegistry - Adding type registration character -> org.hibernate.type.CharacterType@a26a203
14:39:38.193 [Test worker] DEBUG org.hibernate.type.BasicTypeRegistry - Adding type registration char -> org.hibernate.type.CharacterType@a26a203
14:39:38.193 [Test worker] DEBUG org.hibernate.type.BasicTypeRegistry - Adding type registration java.lang.Character -> org.hibernate.type.CharacterType@a26a203
14:39:38.193 [Test worker] DEBUG org.hibernate.type.BasicTypeRegistry - Adding type registration short -> org.hibernate.type.ShortType@7369ca11
14:39:38.193 [Test worker] DEBUG org.hibernate.type.BasicTypeRegistry - Adding type registration short -> org.hibernate.type.ShortType@7369ca11
14:39:38.193 [Test worker] DEBUG org.hibernate.type.BasicTypeRegistry - Adding type registration java.lang.Short -> org.hibernate.type.ShortType@7369ca11
14:39:38.193 [Test worker] DEBUG org.hibernate.type.BasicTypeRegistry - Adding type registration integer -> org.hibernate.type.IntegerType@477ab583
14:39:38.193 [Test worker] DEBUG org.hibernate.type.BasicTypeRegistry - Adding type registration int -> org.hibernate.type.IntegerType@477ab583
14:39:38.194 [Test worker] DEBUG org.hibernate.type.BasicTypeRegistry - Adding type registration java.lang.Integer -> org.hibernate.type.IntegerType@477ab583
14:39:38.194 [Test worker] DEBUG org.hibernate.type.BasicTypeRegistry - Adding type registration long -> org.hibernate.type.LongType@4e16ea7f
14:39:38.194 [Test worker] DEBUG org.hibernate.type.BasicTypeRegistry - Adding type registration long -> org.hibernate.type.LongType@4e16ea7f
14:39:38.194 [Test worker] DEBUG org.hibernate.type.BasicTypeRegistry - Adding type registration java.lang.Long -> org.hibernate.type.LongType@4e16ea7f
14:39:38.194 [Test worker] DEBUG org.hibernate.type.BasicTypeRegistry - Adding type registration float -> org.hibernate.type.FloatType@40be31c9
14:39:38.194 [Test worker] DEBUG org.hibernate.type.BasicTypeRegistry - Adding type registration float -> org.hibernate.type.FloatType@40be31c9
14:39:38.194 [Test worker] DEBUG org.hibernate.type.BasicTypeRegistry - Adding type registration java.lang.Float -> org.hibernate.type.FloatType@40be31c9
14:39:38.194 [Test worker] DEBUG org.hibernate.type.BasicTypeRegistry - Adding type registration double -> org.hibernate.type.DoubleType@55dfdc5c
14:39:38.194 [Test worker] DEBUG org.hibernate.type.BasicTypeRegistry - Adding type registration double -> org.hibernate.type.DoubleType@55dfdc5c
14:39:38.194 [Test worker] DEBUG org.hibernate.type.BasicTypeRegistry - Adding type registration java.lang.Double -> org.hibernate.type.DoubleType@55dfdc5c
14:39:38.194 [Test worker] DEBUG org.hibernate.type.BasicTypeRegistry - Adding type registration big_decimal -> org.hibernate.type.BigDecimalType@6dc676fe
14:39:38.194 [Test worker] DEBUG org.hibernate.type.BasicTypeRegistry - Adding type registration java.math.BigDecimal -> org.hibernate.type.BigDecimalType@6dc676fe
14:39:38.195 [Test worker] DEBUG org.hibernate.type.BasicTypeRegistry - Adding type registration big_integer -> org.hibernate.type.BigIntegerType@597ffafe
14:39:38.195 [Test worker] DEBUG org.hibernate.type.BasicTypeRegistry - Adding type registration java.math.BigInteger -> org.hibernate.type.BigIntegerType@597ffafe
14:39:38.195 [Test worker] DEBUG org.hibernate.type.BasicTypeRegistry - Adding type registration string -> org.hibernate.type.StringType@5be5671f
14:39:38.195 [Test worker] DEBUG org.hibernate.type.BasicTypeRegistry - Adding type registration java.lang.String -> org.hibernate.type.StringType@5be5671f
14:39:38.195 [Test worker] DEBUG org.hibernate.type.BasicTypeRegistry - Adding type registration nstring -> org.hibernate.type.StringNVarcharType@35922da7
14:39:38.195 [Test worker] DEBUG org.hibernate.type.BasicTypeRegistry - Adding type registration ncharacter -> org.hibernate.type.CharacterNCharType@24165ffd
14:39:38.195 [Test worker] DEBUG org.hibernate.type.BasicTypeRegistry - Adding type registration url -> org.hibernate.type.UrlType@4b29396a
14:39:38.195 [Test worker] DEBUG org.hibernate.type.BasicTypeRegistry - Adding type registration java.net.URL -> org.hibernate.type.UrlType@4b29396a
14:39:38.195 [Test worker] DEBUG org.hibernate.type.BasicTypeRegistry - Adding type registration date -> org.hibernate.type.DateType@1b7af1bf
14:39:38.196 [Test worker] DEBUG org.hibernate.type.BasicTypeRegistry - Adding type registration java.sql.Date -> org.hibernate.type.DateType@1b7af1bf
14:39:38.196 [Test worker] DEBUG org.hibernate.type.BasicTypeRegistry - Adding type registration time -> org.hibernate.type.TimeType@35083bc6
14:39:38.196 [Test worker] DEBUG org.hibernate.type.BasicTypeRegistry - Adding type registration java.sql.Time -> org.hibernate.type.TimeType@35083bc6
14:39:38.196 [Test worker] DEBUG org.hibernate.type.BasicTypeRegistry - Adding type registration timestamp -> org.hibernate.type.TimestampType@2157426b
14:39:38.196 [Test worker] DEBUG org.hibernate.type.BasicTypeRegistry - Adding type registration java.sql.Timestamp -> org.hibernate.type.TimestampType@2157426b
14:39:38.197 [Test worker] DEBUG org.hibernate.type.BasicTypeRegistry - Adding type registration java.util.Date -> org.hibernate.type.TimestampType@2157426b
14:39:38.197 [Test worker] DEBUG org.hibernate.type.BasicTypeRegistry - Adding type registration dbtimestamp -> org.hibernate.type.DbTimestampType@2f45f1c4
14:39:38.197 [Test worker] DEBUG org.hibernate.type.BasicTypeRegistry - Adding type registration calendar -> org.hibernate.type.CalendarType@947b622
14:39:38.197 [Test worker] DEBUG org.hibernate.type.BasicTypeRegistry - Adding type registration java.util.Calendar -> org.hibernate.type.CalendarType@947b622
14:39:38.197 [Test worker] DEBUG org.hibernate.type.BasicTypeRegistry - Adding type registration java.util.GregorianCalendar -> org.hibernate.type.CalendarType@947b622
14:39:38.197 [Test worker] DEBUG org.hibernate.type.BasicTypeRegistry - Adding type registration calendar_date -> org.hibernate.type.CalendarDateType@58eee88
14:39:38.198 [Test worker] DEBUG org.hibernate.type.BasicTypeRegistry - Adding type registration locale -> org.hibernate.type.LocaleType@7b192053
14:39:38.198 [Test worker] DEBUG org.hibernate.type.BasicTypeRegistry - Adding type registration java.util.Locale -> org.hibernate.type.LocaleType@7b192053
14:39:38.199 [Test worker] DEBUG org.hibernate.type.BasicTypeRegistry - Adding type registration currency -> org.hibernate.type.CurrencyType@7dd63c4f
14:39:38.199 [Test worker] DEBUG org.hibernate.type.BasicTypeRegistry - Adding type registration java.util.Currency -> org.hibernate.type.CurrencyType@7dd63c4f
14:39:38.199 [Test worker] DEBUG org.hibernate.type.BasicTypeRegistry - Adding type registration timezone -> org.hibernate.type.TimeZoneType@23f8e43c
14:39:38.199 [Test worker] DEBUG org.hibernate.type.BasicTypeRegistry - Adding type registration java.util.TimeZone -> org.hibernate.type.TimeZoneType@23f8e43c
14:39:38.199 [Test worker] DEBUG org.hibernate.type.BasicTypeRegistry - Adding type registration class -> org.hibernate.type.ClassType@36b49568
14:39:38.199 [Test worker] DEBUG org.hibernate.type.BasicTypeRegistry - Adding type registration java.lang.Class -> org.hibernate.type.ClassType@36b49568
14:39:38.200 [Test worker] DEBUG org.hibernate.type.BasicTypeRegistry - Adding type registration uuid-binary -> org.hibernate.type.UUIDBinaryType@6d986355
14:39:38.200 [Test worker] DEBUG org.hibernate.type.BasicTypeRegistry - Adding type registration java.util.UUID -> org.hibernate.type.UUIDBinaryType@6d986355
14:39:38.200 [Test worker] DEBUG org.hibernate.type.BasicTypeRegistry - Adding type registration uuid-char -> org.hibernate.type.UUIDCharType@6cd67d9f
14:39:38.200 [Test worker] DEBUG org.hibernate.type.BasicTypeRegistry - Adding type registration binary -> org.hibernate.type.BinaryType@22b85727
14:39:38.201 [Test worker] DEBUG org.hibernate.type.BasicTypeRegistry - Adding type registration byte[] -> org.hibernate.type.BinaryType@22b85727
14:39:38.201 [Test worker] DEBUG org.hibernate.type.BasicTypeRegistry - Adding type registration [B -> org.hibernate.type.BinaryType@22b85727
14:39:38.201 [Test worker] DEBUG org.hibernate.type.BasicTypeRegistry - Adding type registration wrapper-binary -> org.hibernate.type.WrapperBinaryType@29097953
14:39:38.201 [Test worker] DEBUG org.hibernate.type.BasicTypeRegistry - Adding type registration Byte[] -> org.hibernate.type.WrapperBinaryType@29097953
14:39:38.201 [Test worker] DEBUG org.hibernate.type.BasicTypeRegistry - Adding type registration [Ljava.lang.Byte; -> org.hibernate.type.WrapperBinaryType@29097953
14:39:38.201 [Test worker] DEBUG org.hibernate.type.BasicTypeRegistry - Adding type registration row_version -> org.hibernate.type.RowVersionType@128eb40e
14:39:38.201 [Test worker] DEBUG org.hibernate.type.BasicTypeRegistry - Adding type registration image -> org.hibernate.type.ImageType@2e53db9e
14:39:38.201 [Test worker] DEBUG org.hibernate.type.BasicTypeRegistry - Adding type registration characters -> org.hibernate.type.CharArrayType@5b9c5a97
14:39:38.201 [Test worker] DEBUG org.hibernate.type.BasicTypeRegistry - Adding type registration char[] -> org.hibernate.type.CharArrayType@5b9c5a97
14:39:38.201 [Test worker] DEBUG org.hibernate.type.BasicTypeRegistry - Adding type registration [C -> org.hibernate.type.CharArrayType@5b9c5a97
14:39:38.201 [Test worker] DEBUG org.hibernate.type.BasicTypeRegistry - Adding type registration wrapper-characters -> org.hibernate.type.CharacterArrayType@32488807
14:39:38.201 [Test worker] DEBUG org.hibernate.type.BasicTypeRegistry - Adding type registration [Ljava.lang.Character; -> org.hibernate.type.CharacterArrayType@32488807
14:39:38.202 [Test worker] DEBUG org.hibernate.type.BasicTypeRegistry - Adding type registration Character[] -> org.hibernate.type.CharacterArrayType@32488807
14:39:38.202 [Test worker] DEBUG org.hibernate.type.BasicTypeRegistry - Adding type registration text -> org.hibernate.type.TextType@2ef21218
14:39:38.202 [Test worker] DEBUG org.hibernate.type.BasicTypeRegistry - Adding type registration ntext -> org.hibernate.type.NTextType@23044b2a
14:39:38.202 [Test worker] DEBUG org.hibernate.type.BasicTypeRegistry - Adding type registration blob -> org.hibernate.type.BlobType@2594998e
14:39:38.202 [Test worker] DEBUG org.hibernate.type.BasicTypeRegistry - Adding type registration java.sql.Blob -> org.hibernate.type.BlobType@2594998e
14:39:38.202 [Test worker] DEBUG org.hibernate.type.BasicTypeRegistry - Adding type registration materialized_blob -> org.hibernate.type.MaterializedBlobType@5e10e868
14:39:38.202 [Test worker] DEBUG org.hibernate.type.BasicTypeRegistry - Adding type registration clob -> org.hibernate.type.ClobType@452685c4
14:39:38.202 [Test worker] DEBUG org.hibernate.type.BasicTypeRegistry - Adding type registration java.sql.Clob -> org.hibernate.type.ClobType@452685c4
14:39:38.202 [Test worker] DEBUG org.hibernate.type.BasicTypeRegistry - Adding type registration nclob -> org.hibernate.type.NClobType@be4e2a
14:39:38.202 [Test worker] DEBUG org.hibernate.type.BasicTypeRegistry - Adding type registration java.sql.NClob -> org.hibernate.type.NClobType@be4e2a
14:39:38.202 [Test worker] DEBUG org.hibernate.type.BasicTypeRegistry - Adding type registration materialized_clob -> org.hibernate.type.MaterializedClobType@7c0ea0bc
14:39:38.203 [Test worker] DEBUG org.hibernate.type.BasicTypeRegistry - Adding type registration materialized_nclob -> org.hibernate.type.MaterializedNClobType@47c6f1cb
14:39:38.203 [Test worker] DEBUG org.hibernate.type.BasicTypeRegistry - Adding type registration serializable -> org.hibernate.type.SerializableType@46d53cc2
14:39:38.203 [Test worker] DEBUG org.hibernate.type.BasicTypeRegistry - Adding type registration object -> org.hibernate.type.ObjectType@671722bf
14:39:38.203 [Test worker] DEBUG org.hibernate.type.BasicTypeRegistry - Adding type registration java.lang.Object -> org.hibernate.type.ObjectType@671722bf
14:39:38.203 [Test worker] DEBUG org.hibernate.type.BasicTypeRegistry - Adding type registration imm_date -> org.hibernate.type.AdaptedImmutableType@493a2486
14:39:38.203 [Test worker] DEBUG org.hibernate.type.BasicTypeRegistry - Adding type registration imm_time -> org.hibernate.type.AdaptedImmutableType@7bcd2a3c
14:39:38.204 [Test worker] DEBUG org.hibernate.type.BasicTypeRegistry - Adding type registration imm_timestamp -> org.hibernate.type.AdaptedImmutableType@264bae8d
14:39:38.204 [Test worker] DEBUG org.hibernate.type.BasicTypeRegistry - Adding type registration imm_dbtimestamp -> org.hibernate.type.AdaptedImmutableType@478da7d2
14:39:38.204 [Test worker] DEBUG org.hibernate.type.BasicTypeRegistry - Adding type registration imm_calendar -> org.hibernate.type.AdaptedImmutableType@5f0ba5b1
14:39:38.204 [Test worker] DEBUG org.hibernate.type.BasicTypeRegistry - Adding type registration imm_calendar_date -> org.hibernate.type.AdaptedImmutableType@4d05e8a6
14:39:38.204 [Test worker] DEBUG org.hibernate.type.BasicTypeRegistry - Adding type registration imm_binary -> org.hibernate.type.AdaptedImmutableType@36c1184d
14:39:38.205 [Test worker] DEBUG org.hibernate.type.BasicTypeRegistry - Adding type registration imm_serializable -> org.hibernate.type.AdaptedImmutableType@1c588a70
14:39:38.205 [Test worker] DEBUG org.springframework.jdbc.datasource.DriverManagerDataSource - Creating new JDBC DriverManager Connection to [jdbc:h2:mem:dev;MVCC=TRUE;LOCK_TIMEOUT=10000;DB_CLOSE_DELAY=-1;DATABASE_TO_UPPER=false]
14:39:38.206 [Test worker] DEBUG org.hibernate.engine.jdbc.env.internal.JdbcEnvironmentInitiator - Database ->
       name : H2
    version : 1.4.194 (2017-03-10)
      major : 1
      minor : 4
14:39:38.206 [Test worker] DEBUG org.hibernate.engine.jdbc.env.internal.JdbcEnvironmentInitiator - Driver ->
       name : H2 JDBC Driver
    version : 1.4.194 (2017-03-10)
      major : 1
      minor : 4
14:39:38.206 [Test worker] DEBUG org.hibernate.engine.jdbc.env.internal.JdbcEnvironmentInitiator - JDBC version : 4.0
14:39:38.207 [Test worker] INFO org.hibernate.dialect.Dialect - HHH000400: Using dialect: org.hibernate.dialect.H2Dialect
14:39:38.214 [Test worker] DEBUG org.hibernate.id.factory.internal.DefaultIdentifierGeneratorFactory - Registering IdentifierGenerator strategy [uuid2] -> [org.hibernate.id.UUIDGenerator]
14:39:38.214 [Test worker] DEBUG org.hibernate.id.factory.internal.DefaultIdentifierGeneratorFactory - Registering IdentifierGenerator strategy [guid] -> [org.hibernate.id.GUIDGenerator]
14:39:38.215 [Test worker] DEBUG org.hibernate.id.factory.internal.DefaultIdentifierGeneratorFactory - Registering IdentifierGenerator strategy [uuid] -> [org.hibernate.id.UUIDHexGenerator]
14:39:38.215 [Test worker] DEBUG org.hibernate.id.factory.internal.DefaultIdentifierGeneratorFactory - Registering IdentifierGenerator strategy [uuid.hex] -> [org.hibernate.id.UUIDHexGenerator]
14:39:38.215 [Test worker] DEBUG org.hibernate.id.factory.internal.DefaultIdentifierGeneratorFactory - Registering IdentifierGenerator strategy [assigned] -> [org.hibernate.id.Assigned]
14:39:38.216 [Test worker] DEBUG org.hibernate.id.factory.internal.DefaultIdentifierGeneratorFactory - Registering IdentifierGenerator strategy [identity] -> [org.hibernate.id.IdentityGenerator]
14:39:38.216 [Test worker] DEBUG org.hibernate.id.factory.internal.DefaultIdentifierGeneratorFactory - Registering IdentifierGenerator strategy [select] -> [org.hibernate.id.SelectGenerator]
14:39:38.216 [Test worker] DEBUG org.hibernate.id.factory.internal.DefaultIdentifierGeneratorFactory - Registering IdentifierGenerator strategy [sequence] -> [org.hibernate.id.enhanced.SequenceStyleGenerator]
14:39:38.216 [Test worker] DEBUG org.hibernate.id.factory.internal.DefaultIdentifierGeneratorFactory - Registering IdentifierGenerator strategy [seqhilo] -> [org.hibernate.id.SequenceHiLoGenerator]
14:39:38.217 [Test worker] DEBUG org.hibernate.id.factory.internal.DefaultIdentifierGeneratorFactory - Registering IdentifierGenerator strategy [increment] -> [org.hibernate.id.IncrementGenerator]
14:39:38.217 [Test worker] DEBUG org.hibernate.id.factory.internal.DefaultIdentifierGeneratorFactory - Registering IdentifierGenerator strategy [foreign] -> [org.hibernate.id.ForeignGenerator]
14:39:38.217 [Test worker] DEBUG org.hibernate.id.factory.internal.DefaultIdentifierGeneratorFactory - Registering IdentifierGenerator strategy [sequence-identity] -> [org.hibernate.id.SequenceIdentityGenerator]
14:39:38.217 [Test worker] DEBUG org.hibernate.id.factory.internal.DefaultIdentifierGeneratorFactory - Registering IdentifierGenerator strategy [enhanced-sequence] -> [org.hibernate.id.enhanced.SequenceStyleGenerator]
14:39:38.217 [Test worker] DEBUG org.hibernate.id.factory.internal.DefaultIdentifierGeneratorFactory - Registering IdentifierGenerator strategy [enhanced-table] -> [org.hibernate.id.enhanced.TableGenerator]
14:39:38.218 [Test worker] DEBUG org.hibernate.boot.model.relational.Namespace - Created database namespace [logicalName=Name{catalog=null, schema=null}, physicalName=Name{catalog=null, schema=null}]
14:39:38.219 [Test worker] DEBUG org.hibernate.boot.model.source.internal.annotations.AnnotationMetadataSourceProcessorImpl - Encountered a non-categorized annotated class [com.mushopl.models.Price]; ignoring
14:39:38.220 [Test worker] DEBUG org.hibernate.cfg.AnnotationBinder - Binding entity from annotated class: com.mushopl.models.BlogPost
14:39:38.220 [Test worker] DEBUG org.hibernate.cfg.Ejb3Column - Binding column: Ejb3DiscriminatorColumn{logicalColumnName'DTYPE', discriminatorTypeName='string'}
14:39:38.220 [Test worker] DEBUG org.hibernate.cfg.annotations.EntityBinder - Import with entity name BlogPost
14:39:38.220 [Test worker] DEBUG org.hibernate.cfg.annotations.EntityBinder - Bind entity com.mushopl.models.BlogPost on table blogposts
14:39:38.223 [Test worker] DEBUG org.hibernate.cfg.Ejb3Column - Binding column: Ejb3Column{table=org.hibernate.mapping.Table(blogposts), mappingColumn=id, insertable=true, updatable=true, unique=false}
14:39:38.224 [Test worker] DEBUG org.hibernate.cfg.annotations.PropertyBinder - MetadataSourceProcessor property id with lazy=false
14:39:38.224 [Test worker] DEBUG org.hibernate.cfg.AbstractPropertyHolder - Attempting to locate auto-apply AttributeConverter for property [com.mushopl.models.BlogPost:id]
14:39:38.224 [Test worker] DEBUG org.hibernate.cfg.annotations.SimpleValueBinder - building SimpleValue for id
14:39:38.225 [Test worker] DEBUG org.hibernate.cfg.annotations.PropertyBinder - Building property id
14:39:38.226 [Test worker] DEBUG org.hibernate.cfg.Ejb3Column - Binding column: Ejb3Column{table=org.hibernate.mapping.Table(blogposts), mappingColumn=date, insertable=true, updatable=true, unique=false}
14:39:38.226 [Test worker] DEBUG org.hibernate.cfg.annotations.PropertyBinder - MetadataSourceProcessor property date with lazy=false
14:39:38.227 [Test worker] DEBUG org.hibernate.cfg.AbstractPropertyHolder - Attempting to locate auto-apply AttributeConverter for property [com.mushopl.models.BlogPost:date]
14:39:38.227 [Test worker] DEBUG org.hibernate.cfg.annotations.SimpleValueBinder - building SimpleValue for date
14:39:38.227 [Test worker] DEBUG org.hibernate.cfg.annotations.PropertyBinder - Building property date
14:39:38.228 [Test worker] DEBUG org.hibernate.cfg.Ejb3Column - Binding column: Ejb3Column{table=org.hibernate.mapping.Table(blogposts), mappingColumn=description, insertable=true, updatable=true, unique=false}
14:39:38.228 [Test worker] DEBUG org.hibernate.cfg.annotations.PropertyBinder - MetadataSourceProcessor property description with lazy=false
14:39:38.228 [Test worker] DEBUG org.hibernate.cfg.AbstractPropertyHolder - Attempting to locate auto-apply AttributeConverter for property [com.mushopl.models.BlogPost:description]
14:39:38.228 [Test worker] DEBUG org.hibernate.cfg.annotations.SimpleValueBinder - building SimpleValue for description
14:39:38.229 [Test worker] DEBUG org.hibernate.cfg.annotations.PropertyBinder - Building property description
14:39:38.229 [Test worker] DEBUG org.hibernate.cfg.Ejb3Column - Binding column: Ejb3Column{table=org.hibernate.mapping.Table(blogposts), mappingColumn=image, insertable=true, updatable=true, unique=false}
14:39:38.230 [Test worker] DEBUG org.hibernate.cfg.annotations.PropertyBinder - MetadataSourceProcessor property image with lazy=false
14:39:38.230 [Test worker] DEBUG org.hibernate.cfg.AbstractPropertyHolder - Attempting to locate auto-apply AttributeConverter for property [com.mushopl.models.BlogPost:image]
14:39:38.230 [Test worker] DEBUG org.hibernate.cfg.annotations.SimpleValueBinder - building SimpleValue for image
14:39:38.230 [Test worker] DEBUG org.hibernate.cfg.annotations.PropertyBinder - Building property image
14:39:38.230 [Test worker] DEBUG org.hibernate.cfg.Ejb3Column - Binding column: Ejb3Column{table=org.hibernate.mapping.Table(blogposts), mappingColumn=title, insertable=true, updatable=true, unique=false}
14:39:38.231 [Test worker] DEBUG org.hibernate.cfg.annotations.PropertyBinder - MetadataSourceProcessor property title with lazy=false
14:39:38.231 [Test worker] DEBUG org.hibernate.cfg.AbstractPropertyHolder - Attempting to locate auto-apply AttributeConverter for property [com.mushopl.models.BlogPost:title]
14:39:38.232 [Test worker] DEBUG org.hibernate.cfg.annotations.SimpleValueBinder - building SimpleValue for title
14:39:38.232 [Test worker] DEBUG org.hibernate.cfg.annotations.PropertyBinder - Building property title
14:39:38.233 [Test worker] DEBUG org.hibernate.cfg.AnnotationBinder - Binding entity from annotated class: com.mushopl.models.CartItem
14:39:38.233 [Test worker] DEBUG org.hibernate.cfg.Ejb3Column - Binding column: Ejb3DiscriminatorColumn{logicalColumnName'DTYPE', discriminatorTypeName='string'}
14:39:38.233 [Test worker] DEBUG org.hibernate.cfg.annotations.EntityBinder - Import with entity name CartItem
14:39:38.234 [Test worker] DEBUG org.hibernate.cfg.annotations.EntityBinder - Bind entity com.mushopl.models.CartItem on table CartItem
14:39:38.236 [Test worker] DEBUG org.hibernate.cfg.Ejb3Column - Binding column: Ejb3Column{table=org.hibernate.mapping.Table(CartItem), mappingColumn=id, insertable=true, updatable=true, unique=true}
14:39:38.236 [Test worker] DEBUG org.hibernate.cfg.annotations.PropertyBinder - MetadataSourceProcessor property id with lazy=false
14:39:38.236 [Test worker] DEBUG org.hibernate.cfg.AbstractPropertyHolder - Attempting to locate auto-apply AttributeConverter for property [com.mushopl.models.CartItem:id]
14:39:38.236 [Test worker] DEBUG org.hibernate.cfg.annotations.SimpleValueBinder - building SimpleValue for id
14:39:38.236 [Test worker] DEBUG org.hibernate.cfg.annotations.PropertyBinder - Building property id
14:39:38.237 [Test worker] DEBUG org.hibernate.cfg.Ejb3Column - Binding column: Ejb3JoinColumn{logicalColumnName='null', referencedColumn='null', mappedBy='null'}
14:39:38.237 [Test worker] DEBUG org.hibernate.cfg.Ejb3Column - Binding column: Ejb3Column{table=org.hibernate.mapping.Table(CartItem), mappingColumn=product, insertable=true, updatable=true, unique=false}
14:39:38.238 [Test worker] DEBUG org.hibernate.cfg.annotations.PropertyBinder - Building property product
14:39:38.238 [Test worker] DEBUG org.hibernate.cfg.Ejb3Column - Binding column: Ejb3Column{table=org.hibernate.mapping.Table(CartItem), mappingColumn=typePrice, insertable=true, updatable=true, unique=false}
14:39:38.238 [Test worker] DEBUG org.hibernate.cfg.annotations.PropertyBinder - MetadataSourceProcessor property typePrice with lazy=false
14:39:38.238 [Test worker] DEBUG org.hibernate.cfg.AbstractPropertyHolder - Attempting to locate auto-apply AttributeConverter for property [com.mushopl.models.CartItem:typePrice]
14:39:38.239 [Test worker] DEBUG org.hibernate.cfg.annotations.SimpleValueBinder - building SimpleValue for typePrice
14:39:38.239 [Test worker] DEBUG org.hibernate.cfg.annotations.PropertyBinder - Building property typePrice
14:39:38.239 [Test worker] DEBUG org.hibernate.cfg.AnnotationBinder - Binding entity from annotated class: com.mushopl.models.Product
14:39:38.239 [Test worker] DEBUG org.hibernate.cfg.Ejb3Column - Binding column: Ejb3DiscriminatorColumn{logicalColumnName'DTYPE', discriminatorTypeName='string'}
14:39:38.240 [Test worker] DEBUG org.hibernate.cfg.annotations.EntityBinder - Import with entity name Product
14:39:38.240 [Test worker] DEBUG org.hibernate.cfg.annotations.EntityBinder - Bind entity com.mushopl.models.Product on table products
14:39:38.241 [Test worker] DEBUG org.hibernate.cfg.Ejb3Column - Binding column: Ejb3Column{table=org.hibernate.mapping.Table(products), mappingColumn=id, insertable=true, updatable=true, unique=false}
14:39:38.243 [Test worker] DEBUG org.hibernate.cfg.annotations.PropertyBinder - MetadataSourceProcessor property id with lazy=false
14:39:38.243 [Test worker] DEBUG org.hibernate.cfg.AbstractPropertyHolder - Attempting to locate auto-apply AttributeConverter for property [com.mushopl.models.Product:id]
14:39:38.244 [Test worker] DEBUG org.hibernate.cfg.annotations.SimpleValueBinder - building SimpleValue for id
14:39:38.244 [Test worker] DEBUG org.hibernate.cfg.annotations.PropertyBinder - Building property id
14:39:38.244 [Test worker] DEBUG org.hibernate.cfg.Ejb3Column - Binding column: Ejb3Column{table=org.hibernate.mapping.Table(products), mappingColumn=description, insertable=true, updatable=true, unique=false}
14:39:38.244 [Test worker] DEBUG org.hibernate.cfg.annotations.PropertyBinder - MetadataSourceProcessor property description with lazy=false
14:39:38.244 [Test worker] DEBUG org.hibernate.cfg.AbstractPropertyHolder - Attempting to locate auto-apply AttributeConverter for property [com.mushopl.models.Product:description]
14:39:38.244 [Test worker] DEBUG org.hibernate.cfg.annotations.SimpleValueBinder - building SimpleValue for description
14:39:38.245 [Test worker] DEBUG org.hibernate.cfg.annotations.PropertyBinder - Building property description
14:39:38.245 [Test worker] DEBUG org.hibernate.cfg.Ejb3Column - Binding column: Ejb3Column{table=org.hibernate.mapping.Table(products), mappingColumn=pages, insertable=true, updatable=true, unique=false}
14:39:38.245 [Test worker] DEBUG org.hibernate.cfg.annotations.PropertyBinder - MetadataSourceProcessor property pages with lazy=false
14:39:38.245 [Test worker] DEBUG org.hibernate.cfg.AbstractPropertyHolder - Attempting to locate auto-apply AttributeConverter for property [com.mushopl.models.Product:pages]
14:39:38.245 [Test worker] DEBUG org.hibernate.cfg.annotations.SimpleValueBinder - building SimpleValue for pages
14:39:38.245 [Test worker] DEBUG org.hibernate.cfg.annotations.PropertyBinder - Building property pages
14:39:38.246 [Test worker] DEBUG org.hibernate.cfg.Ejb3Column - Binding column: Ejb3JoinColumn{logicalColumnName='null', referencedColumn='null', mappedBy=''}
14:39:38.246 [Test worker] DEBUG org.hibernate.cfg.Ejb3Column - Binding column: Ejb3Column{table=org.hibernate.mapping.Table(products), mappingColumn=prices, insertable=true, updatable=true, unique=false}
14:39:38.246 [Test worker] DEBUG org.hibernate.cfg.Ejb3Column - Binding column: Ejb3Column{table=org.hibernate.mapping.Table(products), mappingColumn=null, insertable=true, updatable=true, unique=false}
14:39:38.246 [Test worker] DEBUG org.hibernate.cfg.Ejb3Column - Binding column: Ejb3Column{table=org.hibernate.mapping.Table(products), mappingColumn=prices, insertable=true, updatable=true, unique=false}
14:39:38.247 [Test worker] DEBUG org.hibernate.cfg.Ejb3Column - Binding column: Ejb3Column{table=org.hibernate.mapping.Table(products), mappingColumn=prices_KEY, insertable=true, updatable=true, unique=false}
14:39:38.247 [Test worker] DEBUG org.hibernate.cfg.Ejb3Column - Binding column: Ejb3JoinColumn{logicalColumnName='prices_KEY', referencedColumn='null', mappedBy='null'}
14:39:38.247 [Test worker] DEBUG org.hibernate.cfg.Ejb3Column - Binding column: Ejb3JoinColumn{logicalColumnName='null', referencedColumn='null', mappedBy=''}
14:39:38.247 [Test worker] DEBUG org.hibernate.cfg.Ejb3Column - Binding column: Ejb3JoinColumn{logicalColumnName='null', referencedColumn='null', mappedBy=''}
14:39:38.247 [Test worker] DEBUG org.hibernate.cfg.annotations.CollectionBinder - Collection role: com.mushopl.models.Product.prices
14:39:38.247 [Test worker] DEBUG org.hibernate.cfg.annotations.PropertyBinder - Building property prices
14:39:38.248 [Test worker] DEBUG org.hibernate.cfg.Ejb3Column - Binding column: Ejb3Column{table=org.hibernate.mapping.Table(products), mappingColumn=title, insertable=true, updatable=true, unique=false}
14:39:38.248 [Test worker] DEBUG org.hibernate.cfg.annotations.PropertyBinder - MetadataSourceProcessor property title with lazy=false
14:39:38.248 [Test worker] DEBUG org.hibernate.cfg.AbstractPropertyHolder - Attempting to locate auto-apply AttributeConverter for property [com.mushopl.models.Product:title]
14:39:38.248 [Test worker] DEBUG org.hibernate.cfg.annotations.SimpleValueBinder - building SimpleValue for title
14:39:38.248 [Test worker] DEBUG org.hibernate.cfg.annotations.PropertyBinder - Building property title
14:39:38.248 [Test worker] DEBUG org.hibernate.cfg.AnnotationBinder - Binding entity from annotated class: com.mushopl.models.Role
14:39:38.248 [Test worker] DEBUG org.hibernate.cfg.Ejb3Column - Binding column: Ejb3DiscriminatorColumn{logicalColumnName'DTYPE', discriminatorTypeName='string'}
14:39:38.249 [Test worker] DEBUG org.hibernate.cfg.annotations.EntityBinder - Import with entity name Role
14:39:38.249 [Test worker] DEBUG org.hibernate.cfg.annotations.EntityBinder - Bind entity com.mushopl.models.Role on table roles
14:39:38.250 [Test worker] DEBUG org.hibernate.cfg.Ejb3Column - Binding column: Ejb3JoinColumn{logicalColumnName='username', referencedColumn='', mappedBy=''}
14:39:38.250 [Test worker] DEBUG org.hibernate.cfg.Ejb3Column - Binding column: Ejb3Column{table=org.hibernate.mapping.Table(roles), mappingColumn=user, insertable=true, updatable=true, unique=false}
14:39:38.251 [Test worker] DEBUG org.hibernate.cfg.annotations.PropertyBinder - Building property user
14:39:38.251 [Test worker] DEBUG org.hibernate.cfg.Ejb3Column - Binding column: Ejb3Column{table=org.hibernate.mapping.Table(roles), mappingColumn=name, insertable=true, updatable=true, unique=false}
14:39:38.251 [Test worker] DEBUG org.hibernate.cfg.annotations.PropertyBinder - MetadataSourceProcessor property name with lazy=false
14:39:38.251 [Test worker] DEBUG org.hibernate.cfg.AbstractPropertyHolder - Attempting to locate auto-apply AttributeConverter for property [com.mushopl.models.Role:name]
14:39:38.251 [Test worker] DEBUG org.hibernate.cfg.annotations.SimpleValueBinder - building SimpleValue for name
14:39:38.251 [Test worker] DEBUG org.hibernate.cfg.annotations.PropertyBinder - Building property name
14:39:38.252 [Test worker] DEBUG org.hibernate.cfg.AnnotationBinder - Binding entity from annotated class: com.mushopl.models.ShoppingCart
14:39:38.252 [Test worker] DEBUG org.hibernate.cfg.Ejb3Column - Binding column: Ejb3DiscriminatorColumn{logicalColumnName'DTYPE', discriminatorTypeName='string'}
14:39:38.252 [Test worker] DEBUG org.hibernate.cfg.annotations.EntityBinder - Import with entity name ShoppingCart
14:39:38.252 [Test worker] DEBUG org.hibernate.cfg.annotations.EntityBinder - Bind entity com.mushopl.models.ShoppingCart on table shopping_cart
14:39:38.253 [Test worker] DEBUG org.hibernate.cfg.Ejb3Column - Binding column: Ejb3Column{table=org.hibernate.mapping.Table(shopping_cart), mappingColumn=id, insertable=true, updatable=true, unique=true}
14:39:38.254 [Test worker] DEBUG org.hibernate.cfg.annotations.PropertyBinder - MetadataSourceProcessor property id with lazy=false
14:39:38.254 [Test worker] DEBUG org.hibernate.cfg.AbstractPropertyHolder - Attempting to locate auto-apply AttributeConverter for property [com.mushopl.models.ShoppingCart:id]
14:39:38.254 [Test worker] DEBUG org.hibernate.cfg.annotations.SimpleValueBinder - building SimpleValue for id
14:39:38.254 [Test worker] DEBUG org.hibernate.cfg.annotations.PropertyBinder - Building property id
14:39:38.255 [Test worker] DEBUG org.hibernate.cfg.Ejb3Column - Binding column: Ejb3JoinColumn{logicalColumnName='id', referencedColumn='id', mappedBy=''}
14:39:38.255 [Test worker] DEBUG org.hibernate.cfg.Ejb3Column - Binding column: Ejb3Column{table=org.hibernate.mapping.Table(shopping_cart), mappingColumn=null, insertable=true, updatable=true, unique=false}
14:39:38.255 [Test worker] DEBUG org.hibernate.cfg.Ejb3Column - Binding column: Ejb3Column{table=org.hibernate.mapping.Table(shopping_cart), mappingColumn=element, insertable=true, updatable=true, unique=false}
14:39:38.255 [Test worker] DEBUG org.hibernate.cfg.Ejb3Column - Binding column: Ejb3Column{table=org.hibernate.mapping.Table(shopping_cart), mappingColumn=items_KEY, insertable=true, updatable=true, unique=false}
14:39:38.256 [Test worker] DEBUG org.hibernate.cfg.Ejb3Column - Binding column: Ejb3JoinColumn{logicalColumnName='items_KEY', referencedColumn='null', mappedBy='null'}
14:39:38.256 [Test worker] DEBUG org.hibernate.cfg.Ejb3Column - Binding column: Ejb3JoinColumn{logicalColumnName='null', referencedColumn='null', mappedBy=''}
14:39:38.256 [Test worker] DEBUG org.hibernate.cfg.Ejb3Column - Binding column: Ejb3JoinColumn{logicalColumnName='null', referencedColumn='null', mappedBy=''}
14:39:38.256 [Test worker] DEBUG org.hibernate.cfg.annotations.CollectionBinder - Collection role: com.mushopl.models.ShoppingCart.items
14:39:38.256 [Test worker] DEBUG org.hibernate.cfg.annotations.PropertyBinder - Building property items
14:39:38.256 [Test worker] DEBUG org.hibernate.cfg.Ejb3Column - Binding column: Ejb3Column{table=org.hibernate.mapping.Table(shopping_cart), mappingColumn=total, insertable=true, updatable=true, unique=false}
14:39:38.256 [Test worker] DEBUG org.hibernate.cfg.annotations.PropertyBinder - MetadataSourceProcessor property total with lazy=false
14:39:38.256 [Test worker] DEBUG org.hibernate.cfg.AbstractPropertyHolder - Attempting to locate auto-apply AttributeConverter for property [com.mushopl.models.ShoppingCart:total]
14:39:38.256 [Test worker] DEBUG org.hibernate.cfg.annotations.SimpleValueBinder - building SimpleValue for total
14:39:38.257 [Test worker] DEBUG org.hibernate.cfg.annotations.PropertyBinder - Building property total
14:39:38.257 [Test worker] DEBUG org.hibernate.cfg.Ejb3Column - Binding column: Ejb3JoinColumn{logicalColumnName='username', referencedColumn='username', mappedBy=''}
14:39:38.257 [Test worker] DEBUG org.hibernate.cfg.Ejb3Column - Binding column: Ejb3Column{table=org.hibernate.mapping.Table(shopping_cart), mappingColumn=user, insertable=true, updatable=true, unique=false}
14:39:38.257 [Test worker] DEBUG org.hibernate.cfg.annotations.PropertyBinder - Building property user
14:39:38.257 [Test worker] DEBUG org.hibernate.cfg.AnnotationBinder - Binding entity from annotated class: com.mushopl.models.User
14:39:38.258 [Test worker] DEBUG org.hibernate.cfg.Ejb3Column - Binding column: Ejb3DiscriminatorColumn{logicalColumnName'DTYPE', discriminatorTypeName='string'}
14:39:38.258 [Test worker] DEBUG org.hibernate.cfg.annotations.EntityBinder - Import with entity name User
14:39:38.259 [Test worker] DEBUG org.hibernate.cfg.annotations.EntityBinder - Bind entity com.mushopl.models.User on table users
14:39:38.261 [Test worker] DEBUG org.hibernate.cfg.Ejb3Column - Binding column: Ejb3Column{table=org.hibernate.mapping.Table(users), mappingColumn=username, insertable=true, updatable=true, unique=false}
14:39:38.261 [Test worker] DEBUG org.hibernate.cfg.annotations.PropertyBinder - MetadataSourceProcessor property username with lazy=false
14:39:38.262 [Test worker] DEBUG org.hibernate.cfg.AbstractPropertyHolder - Attempting to locate auto-apply AttributeConverter for property [com.mushopl.models.User:username]
14:39:38.262 [Test worker] DEBUG org.hibernate.cfg.annotations.SimpleValueBinder - building SimpleValue for username
14:39:38.265 [Test worker] DEBUG org.hibernate.cfg.annotations.PropertyBinder - Building property username
14:39:38.267 [Test worker] DEBUG org.hibernate.cfg.Ejb3Column - Binding column: Ejb3Column{table=org.hibernate.mapping.Table(users), mappingColumn=name, insertable=true, updatable=true, unique=false}
14:39:38.267 [Test worker] DEBUG org.hibernate.cfg.annotations.PropertyBinder - MetadataSourceProcessor property name with lazy=false
14:39:38.267 [Test worker] DEBUG org.hibernate.cfg.AbstractPropertyHolder - Attempting to locate auto-apply AttributeConverter for property [com.mushopl.models.User:name]
14:39:38.267 [Test worker] DEBUG org.hibernate.cfg.annotations.SimpleValueBinder - building SimpleValue for name
14:39:38.268 [Test worker] DEBUG org.hibernate.cfg.annotations.PropertyBinder - Building property name
14:39:38.268 [Test worker] DEBUG org.hibernate.cfg.Ejb3Column - Binding column: Ejb3Column{table=org.hibernate.mapping.Table(users), mappingColumn=pass, insertable=true, updatable=true, unique=false}
14:39:38.268 [Test worker] DEBUG org.hibernate.cfg.annotations.PropertyBinder - MetadataSourceProcessor property pass with lazy=false
14:39:38.268 [Test worker] DEBUG org.hibernate.cfg.AbstractPropertyHolder - Attempting to locate auto-apply AttributeConverter for property [com.mushopl.models.User:pass]
14:39:38.268 [Test worker] DEBUG org.hibernate.cfg.annotations.SimpleValueBinder - building SimpleValue for pass
14:39:38.268 [Test worker] DEBUG org.hibernate.cfg.annotations.PropertyBinder - Building property pass
14:39:38.269 [Test worker] DEBUG org.hibernate.cfg.Ejb3Column - Binding column: Ejb3JoinColumn{logicalColumnName='null', referencedColumn='null', mappedBy='user'}
14:39:38.269 [Test worker] DEBUG org.hibernate.cfg.Ejb3Column - Binding column: Ejb3Column{table=org.hibernate.mapping.Table(users), mappingColumn=roles, insertable=true, updatable=true, unique=false}
14:39:38.269 [Test worker] DEBUG org.hibernate.cfg.Ejb3Column - Binding column: Ejb3Column{table=org.hibernate.mapping.Table(users), mappingColumn=null, insertable=true, updatable=true, unique=false}
14:39:38.270 [Test worker] DEBUG org.hibernate.cfg.Ejb3Column - Binding column: Ejb3Column{table=org.hibernate.mapping.Table(users), mappingColumn=element, insertable=true, updatable=true, unique=false}
14:39:38.270 [Test worker] DEBUG org.hibernate.cfg.Ejb3Column - Binding column: Ejb3Column{table=org.hibernate.mapping.Table(users), mappingColumn=roles_KEY, insertable=true, updatable=true, unique=false}
14:39:38.270 [Test worker] DEBUG org.hibernate.cfg.Ejb3Column - Binding column: Ejb3JoinColumn{logicalColumnName='roles_KEY', referencedColumn='null', mappedBy='null'}
14:39:38.270 [Test worker] DEBUG org.hibernate.cfg.Ejb3Column - Binding column: Ejb3JoinColumn{logicalColumnName='null', referencedColumn='null', mappedBy='user'}
14:39:38.270 [Test worker] DEBUG org.hibernate.cfg.Ejb3Column - Binding column: Ejb3JoinColumn{logicalColumnName='null', referencedColumn='null', mappedBy='user'}
14:39:38.270 [Test worker] DEBUG org.hibernate.cfg.annotations.CollectionBinder - Collection role: com.mushopl.models.User.roles
14:39:38.271 [Test worker] DEBUG org.hibernate.cfg.annotations.PropertyBinder - Building property roles
14:39:38.271 [Test worker] DEBUG org.hibernate.cfg.annotations.SimpleValueBinder - Starting fillSimpleValue for id
14:39:38.271 [Test worker] DEBUG org.hibernate.cfg.annotations.SimpleValueBinder - Starting fillSimpleValue for date
14:39:38.271 [Test worker] DEBUG org.hibernate.cfg.annotations.SimpleValueBinder - Starting fillSimpleValue for description
14:39:38.271 [Test worker] DEBUG org.hibernate.cfg.annotations.SimpleValueBinder - Starting fillSimpleValue for image
14:39:38.272 [Test worker] DEBUG org.hibernate.cfg.annotations.SimpleValueBinder - Starting fillSimpleValue for title
14:39:38.272 [Test worker] DEBUG org.hibernate.cfg.annotations.SimpleValueBinder - Starting fillSimpleValue for id
14:39:38.272 [Test worker] DEBUG org.hibernate.cfg.annotations.SimpleValueBinder - Starting fillSimpleValue for typePrice
14:39:38.272 [Test worker] DEBUG org.hibernate.cfg.annotations.SimpleValueBinder - Starting fillSimpleValue for id
14:39:38.272 [Test worker] DEBUG org.hibernate.cfg.annotations.SimpleValueBinder - Starting fillSimpleValue for description
14:39:38.272 [Test worker] DEBUG org.hibernate.cfg.annotations.SimpleValueBinder - Starting fillSimpleValue for pages
14:39:38.272 [Test worker] DEBUG org.hibernate.cfg.annotations.SimpleValueBinder - Starting fillSimpleValue for title
14:39:38.272 [Test worker] DEBUG org.hibernate.cfg.annotations.SimpleValueBinder - Starting fillSimpleValue for name
14:39:38.272 [Test worker] DEBUG org.hibernate.cfg.annotations.SimpleValueBinder - Starting fillSimpleValue for id
14:39:38.272 [Test worker] DEBUG org.hibernate.cfg.annotations.SimpleValueBinder - Starting fillSimpleValue for total
14:39:38.272 [Test worker] DEBUG org.hibernate.cfg.annotations.SimpleValueBinder - Starting fillSimpleValue for username
14:39:38.272 [Test worker] DEBUG org.hibernate.cfg.annotations.SimpleValueBinder - Starting fillSimpleValue for name
14:39:38.272 [Test worker] DEBUG org.hibernate.cfg.annotations.SimpleValueBinder - Starting fillSimpleValue for pass
14:39:38.273 [Test worker] DEBUG org.hibernate.mapping.PrimaryKey - Forcing column [id] to be non-null as it is part of the primary key for table [blogposts]
14:39:38.273 [Test worker] DEBUG org.hibernate.mapping.PrimaryKey - Forcing column [id] to be non-null as it is part of the primary key for table [cartitem]
14:39:38.273 [Test worker] DEBUG org.hibernate.mapping.PrimaryKey - Forcing column [id] to be non-null as it is part of the primary key for table [products]
14:39:38.273 [Test worker] DEBUG org.hibernate.mapping.PrimaryKey - Forcing column [username] to be non-null as it is part of the primary key for table [roles]
14:39:38.273 [Test worker] DEBUG org.hibernate.mapping.PrimaryKey - Forcing column [name] to be non-null as it is part of the primary key for table [roles]
14:39:38.273 [Test worker] DEBUG org.hibernate.mapping.PrimaryKey - Forcing column [id] to be non-null as it is part of the primary key for table [shopping_cart]
14:39:38.273 [Test worker] DEBUG org.hibernate.mapping.PrimaryKey - Forcing column [username] to be non-null as it is part of the primary key for table [users]
14:39:38.273 [Test worker] DEBUG org.hibernate.cfg.CollectionSecondPass - Second pass for collection: com.mushopl.models.ShoppingCart.items
14:39:38.274 [Test worker] DEBUG org.hibernate.cfg.annotations.CollectionBinder - Binding as ManyToMany: com.mushopl.models.ShoppingCart.items
14:39:38.274 [Test worker] DEBUG org.hibernate.cfg.CollectionSecondPass - Mapped collection key: ShoppingCart_id, element: items_id
14:39:38.274 [Test worker] DEBUG org.hibernate.cfg.CollectionSecondPass - Second pass for collection: com.mushopl.models.Product.prices
14:39:38.275 [Test worker] DEBUG org.hibernate.cfg.annotations.CollectionBinder - Binding a collection of element: com.mushopl.models.Product.prices
14:39:38.278 [Test worker] DEBUG org.hibernate.cfg.Ejb3Column - Binding column: Ejb3Column{table=org.hibernate.mapping.Table(Product_prices), mappingColumn=type, insertable=true, updatable=true, unique=false}
14:39:38.278 [Test worker] DEBUG org.hibernate.cfg.annotations.PropertyBinder - MetadataSourceProcessor property type with lazy=false
14:39:38.278 [Test worker] DEBUG org.hibernate.cfg.AbstractPropertyHolder - Attempting to locate auto-apply AttributeConverter for property [com.mushopl.models.Product.prices.collection&&element:type]
14:39:38.278 [Test worker] DEBUG org.hibernate.cfg.annotations.SimpleValueBinder - building SimpleValue for type
14:39:38.279 [Test worker] DEBUG org.hibernate.cfg.annotations.SimpleValueBinder - Starting fillSimpleValue for type
14:39:38.279 [Test worker] DEBUG org.hibernate.cfg.annotations.PropertyBinder - Building property type
14:39:38.279 [Test worker] DEBUG org.hibernate.cfg.Ejb3Column - Binding column: Ejb3Column{table=org.hibernate.mapping.Table(Product_prices), mappingColumn=value, insertable=true, updatable=true, unique=false}
14:39:38.279 [Test worker] DEBUG org.hibernate.cfg.annotations.PropertyBinder - MetadataSourceProcessor property value with lazy=false
14:39:38.279 [Test worker] DEBUG org.hibernate.cfg.AbstractPropertyHolder - Attempting to locate auto-apply AttributeConverter for property [com.mushopl.models.Product.prices.collection&&element:value]
14:39:38.280 [Test worker] DEBUG org.hibernate.cfg.annotations.SimpleValueBinder - building SimpleValue for value
14:39:38.280 [Test worker] DEBUG org.hibernate.cfg.annotations.SimpleValueBinder - Starting fillSimpleValue for value
14:39:38.280 [Test worker] DEBUG org.hibernate.cfg.annotations.PropertyBinder - Building property value
14:39:38.280 [Test worker] DEBUG org.hibernate.cfg.CollectionSecondPass - Mapped collection key: Product_id, element: type, value
14:39:38.280 [Test worker] DEBUG org.hibernate.cfg.CollectionSecondPass - Second pass for collection: com.mushopl.models.User.roles
14:39:38.280 [Test worker] DEBUG org.hibernate.cfg.annotations.CollectionBinder - Binding a OneToMany: com.mushopl.models.User.roles through a foreign key
14:39:38.280 [Test worker] DEBUG org.hibernate.cfg.annotations.CollectionBinder - Mapping collection: com.mushopl.models.User.roles -> roles
14:39:38.280 [Test worker] DEBUG org.hibernate.cfg.annotations.TableBinder - Retrieving property com.mushopl.models.Role.user
14:39:38.281 [Test worker] DEBUG org.hibernate.cfg.CollectionSecondPass - Mapped collection key: username, one-to-many: com.mushopl.models.Role
14:39:38.281 [Test worker] DEBUG org.hibernate.boot.internal.InFlightMetadataCollectorImpl - Resolving reference to class: com.mushopl.models.Product
14:39:38.281 [Test worker] DEBUG org.hibernate.boot.internal.InFlightMetadataCollectorImpl - Resolving reference to class: com.mushopl.models.Product
14:39:38.281 [Test worker] DEBUG org.hibernate.boot.internal.InFlightMetadataCollectorImpl - Resolving reference to class: com.mushopl.models.User
14:39:38.282 [Test worker] DEBUG org.hibernate.boot.internal.InFlightMetadataCollectorImpl - Resolving reference to class: com.mushopl.models.User
14:39:38.282 [Test worker] DEBUG org.hibernate.boot.internal.InFlightMetadataCollectorImpl - Resolving reference to class: com.mushopl.models.CartItem
14:39:38.283 [Test worker] DEBUG org.hibernate.boot.internal.InFlightMetadataCollectorImpl - Resolving reference to class: com.mushopl.models.ShoppingCart
14:39:38.284 [Test worker] DEBUG org.hibernate.boot.internal.InFlightMetadataCollectorImpl - Resolving reference to class: com.mushopl.models.Product
[...]
14:39:39.394 [Test worker] DEBUG org.hibernate.hql.internal.ast.tree.DotNode - getDataType() : prices -> org.hibernate.type.BagType(com.mushopl.models.Product.prices)
14:39:39.395 [Test worker] DEBUG org.hibernate.hql.internal.ast.tree.FromElement - FromClause{level=1} : null (price) -> prices1_
14:39:39.395 [Test worker] DEBUG org.hibernate.hql.internal.ast.tree.FromClause - addCollectionJoinFromElementByPath() : p.prices -> Product_prices
14:39:39.395 [Test worker] DEBUG org.hibernate.hql.internal.ast.tree.DotNode - dereferenceCollection() : Created new FROM element for p.prices : Product_prices prices1_
14:39:39.395 [Test worker] DEBUG org.hibernate.hql.internal.ast.tree.FromReferenceNode - Resolved : p.prices -> .
14:39:39.395 [Test worker] DEBUG org.hibernate.hql.internal.ast.HqlSqlWalker - createFromJoinElement() : -- join tree --
 \-[JOIN_FRAGMENT] FromElement: 'Product_prices prices1_' FromElement{explicit,collection join,not a fetch join,fetch non-lazy properties,classAlias=price,role=com.mushopl.models.Product.prices,tableName={none},tableAlias=prices1_,origin=null,columns={,className=null}}

14:39:39.397 [Test worker] DEBUG org.hibernate.hql.internal.ast.tree.FromReferenceNode - Resolved : price -> prices1_.id
14:39:39.398 [Test worker] DEBUG org.hibernate.hql.internal.ast.tree.DotNode - getDataType() : value -> org.hibernate.type.DoubleType@55dfdc5c
14:39:39.398 [Test worker] DEBUG org.hibernate.hql.internal.ast.tree.FromReferenceNode - Resolved : price.value -> prices1_.value
14:39:39.398 [Test worker] DEBUG org.hibernate.hql.internal.ast.tree.FromReferenceNode - Resolved : price -> prices1_.id
14:39:39.398 [Test worker] DEBUG org.hibernate.hql.internal.ast.tree.DotNode - getDataType() : type -> org.hibernate.type.CustomType@bdcdbd7
14:39:39.398 [Test worker] DEBUG org.hibernate.hql.internal.ast.tree.FromReferenceNode - Resolved : price.type -> prices1_.type
14:39:39.398 [Test worker] DEBUG org.hibernate.hql.internal.antlr.HqlSqlBaseWalker - select : finishing up [level=1, statement=select]
14:39:39.399 [Test worker] DEBUG org.hibernate.hql.internal.ast.HqlSqlWalker - processQuery() :  ( SELECT ( {select clause} ( sum ( prices1_.value prices1_.id value ) ) ) ( FromClause{level=1} (  Product_prices prices1_ ) ) ( where ( = ( prices1_.type prices1_.id type ) ? ) ) )
14:39:39.399 [Test worker] DEBUG org.hibernate.hql.internal.ast.util.JoinProcessor - Using FROM fragment [products product0_]
14:39:39.399 [Test worker] DEBUG org.hibernate.hql.internal.ast.util.JoinProcessor - Using FROM fragment [inner join Product_prices prices1_ on product0_.id=prices1_.Product_id]
14:39:39.400 [Test worker] DEBUG org.hibernate.hql.internal.antlr.HqlSqlBaseWalker - select >> end [level=1, statement=select]
14:39:39.400 [Test worker] DEBUG org.hibernate.hql.internal.ast.QueryTranslatorImpl - --- SQL AST ---
 \-[SELECT] QueryNode: 'SELECT'  querySpaces (Product_prices,products)
    +-[SELECT_CLAUSE] SelectClause: '{select clause}'
    |  +-[AGGREGATE] AggregateNode: 'sum'
    |  |  \-[DOT] DotNode: 'prices1_.value' {propertyName=value,dereferenceType=PRIMITIVE,getPropertyPath=value,path=price.value,tableAlias=prices1_,className=null,classAlias=price}
    |  |     +-[ALIAS_REF] IdentNode: 'prices1_.id' {alias=price, className=null, tableAlias=prices1_}
    |  |     \-[IDENT] IdentNode: 'value' {originalText=value}
    |  \-[SELECT_COLUMNS] SqlNode: ' as col_0_0_'
    +-[FROM] FromClause: 'from' FromClause{level=1, fromElementCounter=1, fromElements=2, fromElementByClassAlias=[p, price], fromElementByTableAlias=[product0_, prices1_], fromElementsByPath=[], collectionJoinFromElementsByPath=[p.prices], impliedElements=[]}
    |  \-[FROM_FRAGMENT] FromElement: 'products product0_' FromElement{explicit,collection join,not a fetch join,fetch non-lazy properties,classAlias=p,role=null,tableName=products,tableAlias=product0_,origin=null,columns={,className=com.mushopl.models.Product}}
    |     \-[JOIN_FRAGMENT] FromElement: 'inner join Product_prices prices1_ on product0_.id=prices1_.Product_id' FromElement{explicit,collection join,not a fetch join,fetch non-lazy properties,classAlias=price,role=com.mushopl.models.Product.prices,tableName={none},tableAlias=prices1_,origin=products product0_,columns={,className=null}}
    \-[WHERE] SqlNode: 'where'
       \-[EQ] BinaryLogicOperatorNode: '='
          +-[DOT] DotNode: 'prices1_.type' {propertyName=type,dereferenceType=PRIMITIVE,getPropertyPath=type,path=price.type,tableAlias=prices1_,className=null,classAlias=price}
          |  +-[ALIAS_REF] IdentNode: 'prices1_.id' {alias=price, className=null, tableAlias=prices1_}
          |  \-[IDENT] IdentNode: 'type' {originalText=type}
          \-[NAMED_PARAM] ParameterNode: '?' {name=typePrice, expectedType=org.hibernate.type.CustomType@bdcdbd7}

14:39:39.400 [Test worker] DEBUG org.hibernate.hql.internal.ast.ErrorCounter - throwQueryException() : no errors
14:39:39.401 [Test worker] DEBUG org.hibernate.hql.internal.ast.QueryTranslatorImpl - HQL: select sum(price.value) from com.mushopl.models.Product p  join p.prices price where price.type = :typePrice
14:39:39.401 [Test worker] DEBUG org.hibernate.hql.internal.ast.QueryTranslatorImpl - SQL: select sum(prices1_.value) as col_0_0_ from products product0_ inner join Product_prices prices1_ on product0_.id=prices1_.Product_id where prices1_.type=?
14:39:39.401 [Test worker] DEBUG org.hibernate.hql.internal.ast.ErrorCounter - throwQueryException() : no errors
14:39:39.402 [Test worker] DEBUG org.hibernate.event.internal.AbstractFlushingEventListener - Processing flush-time cascades
14:39:39.402 [Test worker] DEBUG org.hibernate.event.internal.AbstractFlushingEventListener - Dirty checking collections
14:39:39.402 [Test worker] DEBUG org.hibernate.engine.internal.Collections - Collection found: [com.mushopl.models.Product.prices#1], was: [<unreferenced>] (initialized)
14:39:39.403 [Test worker] DEBUG org.hibernate.engine.internal.Collections - Collection found: [com.mushopl.models.Product.prices#2], was: [<unreferenced>] (initialized)
14:39:39.403 [Test worker] DEBUG org.hibernate.engine.internal.Collections - Collection found: [com.mushopl.models.Product.prices#3], was: [<unreferenced>] (initialized)
14:39:39.403 [Test worker] DEBUG org.hibernate.engine.internal.Collections - Collection found: [com.mushopl.models.Product.prices#4], was: [<unreferenced>] (initialized)
14:39:39.403 [Test worker] DEBUG org.hibernate.engine.internal.Collections - Collection found: [com.mushopl.models.Product.prices#5], was: [<unreferenced>] (initialized)
14:39:39.404 [Test worker] DEBUG org.hibernate.engine.internal.Collections - Collection found: [com.mushopl.models.Product.prices#6], was: [<unreferenced>] (initialized)
14:39:39.404 [Test worker] DEBUG org.hibernate.engine.internal.Collections - Collection found: [com.mushopl.models.Product.prices#7], was: [<unreferenced>] (initialized)
14:39:39.404 [Test worker] DEBUG org.hibernate.engine.internal.Collections - Collection found: [com.mushopl.models.Product.prices#8], was: [<unreferenced>] (initialized)
14:39:39.406 [Test worker] DEBUG org.hibernate.event.internal.AbstractFlushingEventListener - Flushed: 0 insertions, 0 updates, 0 deletions to 8 objects
14:39:39.406 [Test worker] DEBUG org.hibernate.event.internal.AbstractFlushingEventListener - Flushed: 8 (re)creations, 0 updates, 0 removals to 8 collections
14:39:39.406 [Test worker] DEBUG org.hibernate.internal.util.EntityPrinter - Listing entities:
14:39:39.407 [Test worker] DEBUG org.hibernate.internal.util.EntityPrinter - com.mushopl.models.Product{pages=150, description=Development Book, id=1, prices=[component[type,value]{type=1, value=10.0}], title=Book 1}
14:39:39.407 [Test worker] DEBUG org.hibernate.internal.util.EntityPrinter - com.mushopl.models.Product{pages=150, description=Development Book, id=2, prices=[component[type,value]{type=1, value=10.0}], title=Book 0}
14:39:39.407 [Test worker] DEBUG org.hibernate.internal.util.EntityPrinter - com.mushopl.models.Product{pages=150, description=Development Book, id=3, prices=[component[type,value]{type=1, value=10.0}], title=Book 1}
14:39:39.407 [Test worker] DEBUG org.hibernate.internal.util.EntityPrinter - com.mushopl.models.Product{pages=150, description=Development Book, id=4, prices=[component[type,value]{type=1, value=10.0}], title=Book 2}
14:39:39.407 [Test worker] DEBUG org.hibernate.internal.util.EntityPrinter - com.mushopl.models.Product{pages=150, description=Development Book, id=5, prices=[component[type,value]{type=0, value=10.0}], title=Book 1}
14:39:39.407 [Test worker] DEBUG org.hibernate.internal.util.EntityPrinter - com.mushopl.models.Product{pages=150, description=Development Book, id=6, prices=[component[type,value]{type=0, value=10.0}], title=Book 0}
14:39:39.407 [Test worker] DEBUG org.hibernate.internal.util.EntityPrinter - com.mushopl.models.Product{pages=150, description=Development Book, id=7, prices=[component[type,value]{type=0, value=10.0}], title=Book 1}
14:39:39.407 [Test worker] DEBUG org.hibernate.internal.util.EntityPrinter - com.mushopl.models.Product{pages=150, description=Development Book, id=8, prices=[component[type,value]{type=0, value=10.0}], title=Book 2}
14:39:39.408 [Test worker] DEBUG org.hibernate.engine.spi.ActionQueue - Changes must be flushed to space: Product_prices
14:39:39.408 [Test worker] DEBUG org.hibernate.persister.collection.AbstractCollectionPersister - Inserting collection: [com.mushopl.models.Product.prices#1]
14:39:39.417 [Test worker] DEBUG org.hibernate.SQL - 
    insert 
    into
        Product_prices
        (Product_id, type, value) 
    values
        (?, ?, ?)
Hibernate: 
    insert 
    into
        Product_prices
        (Product_id, type, value) 
    values
        (?, ?, ?)
14:39:39.420 [Test worker] DEBUG org.hibernate.persister.collection.AbstractCollectionPersister - Done inserting collection: 1 rows inserted
14:39:39.420 [Test worker] DEBUG org.hibernate.persister.collection.AbstractCollectionPersister - Inserting collection: [com.mushopl.models.Product.prices#2]
14:39:39.420 [Test worker] DEBUG org.hibernate.SQL - 
    insert 
    into
        Product_prices
        (Product_id, type, value) 
    values
        (?, ?, ?)
Hibernate: 
    insert 
    into
        Product_prices
        (Product_id, type, value) 
    values
        (?, ?, ?)
14:39:39.421 [Test worker] DEBUG org.hibernate.persister.collection.AbstractCollectionPersister - Done inserting collection: 1 rows inserted
14:39:39.421 [Test worker] DEBUG org.hibernate.persister.collection.AbstractCollectionPersister - Inserting collection: [com.mushopl.models.Product.prices#3]
14:39:39.422 [Test worker] DEBUG org.hibernate.SQL - 
    insert 
    into
        Product_prices
        (Product_id, type, value) 
    values
        (?, ?, ?)
Hibernate: 
    insert 
    into
        Product_prices
        (Product_id, type, value) 
    values
        (?, ?, ?)
14:39:39.422 [Test worker] DEBUG org.hibernate.persister.collection.AbstractCollectionPersister - Done inserting collection: 1 rows inserted
14:39:39.422 [Test worker] DEBUG org.hibernate.persister.collection.AbstractCollectionPersister - Inserting collection: [com.mushopl.models.Product.prices#4]
14:39:39.423 [Test worker] DEBUG org.hibernate.SQL - 
    insert 
    into
        Product_prices
        (Product_id, type, value) 
    values
        (?, ?, ?)
Hibernate: 
    insert 
    into
        Product_prices
        (Product_id, type, value) 
    values
        (?, ?, ?)
14:39:39.423 [Test worker] DEBUG org.hibernate.persister.collection.AbstractCollectionPersister - Done inserting collection: 1 rows inserted
14:39:39.423 [Test worker] DEBUG org.hibernate.persister.collection.AbstractCollectionPersister - Inserting collection: [com.mushopl.models.Product.prices#5]
14:39:39.423 [Test worker] DEBUG org.hibernate.SQL - 
    insert 
    into
        Product_prices
        (Product_id, type, value) 
    values
        (?, ?, ?)
Hibernate: 
    insert 
    into
        Product_prices
        (Product_id, type, value) 
    values
        (?, ?, ?)
14:39:39.424 [Test worker] DEBUG org.hibernate.persister.collection.AbstractCollectionPersister - Done inserting collection: 1 rows inserted
14:39:39.424 [Test worker] DEBUG org.hibernate.persister.collection.AbstractCollectionPersister - Inserting collection: [com.mushopl.models.Product.prices#6]
14:39:39.424 [Test worker] DEBUG org.hibernate.SQL - 
    insert 
    into
        Product_prices
        (Product_id, type, value) 
    values
        (?, ?, ?)
Hibernate: 
    insert 
    into
        Product_prices
        (Product_id, type, value) 
    values
        (?, ?, ?)
14:39:39.427 [Test worker] DEBUG org.hibernate.persister.collection.AbstractCollectionPersister - Done inserting collection: 1 rows inserted
14:39:39.427 [Test worker] DEBUG org.hibernate.persister.collection.AbstractCollectionPersister - Inserting collection: [com.mushopl.models.Product.prices#7]
14:39:39.428 [Test worker] DEBUG org.hibernate.SQL - 
    insert 
    into
        Product_prices
        (Product_id, type, value) 
    values
        (?, ?, ?)
Hibernate: 
    insert 
    into
        Product_prices
        (Product_id, type, value) 
    values
        (?, ?, ?)
14:39:39.428 [Test worker] DEBUG org.hibernate.persister.collection.AbstractCollectionPersister - Done inserting collection: 1 rows inserted
14:39:39.428 [Test worker] DEBUG org.hibernate.persister.collection.AbstractCollectionPersister - Inserting collection: [com.mushopl.models.Product.prices#8]
14:39:39.429 [Test worker] DEBUG org.hibernate.SQL - 
    insert 
    into
        Product_prices
        (Product_id, type, value) 
    values
        (?, ?, ?)
Hibernate: 
    insert 
    into
        Product_prices
        (Product_id, type, value) 
    values
        (?, ?, ?)
14:39:39.429 [Test worker] DEBUG org.hibernate.persister.collection.AbstractCollectionPersister - Done inserting collection: 1 rows inserted
14:39:39.430 [Test worker] DEBUG org.hibernate.SQL - 
    select
        sum(prices1_.value) as col_0_0_ 
    from
        products product0_ 
    inner join
        Product_prices prices1_ 
            on product0_.id=prices1_.Product_id 
    where
        prices1_.type=?
Hibernate: 
    select
        sum(prices1_.value) as col_0_0_ 
    from
        products product0_ 
    inner join
        Product_prices prices1_ 
            on product0_.id=prices1_.Product_id 
    where
        prices1_.type=?
14:39:39.436 [Test worker] DEBUG org.hibernate.loader.Loader - Result set row: 0
14:39:39.436 [Test worker] DEBUG org.hibernate.loader.Loader - Result row: 
14:39:39.436 [Test worker] DEBUG org.springframework.test.context.DefaultCacheAwareContextLoaderDelegate - Retrieved ApplicationContext from cache with key [[MergedContextConfiguration@1f8bff2d testClass = ProductDAOTest, locations = '{}', classes = '{class com.mushopl.config.JPAConfiguration, class com.mushopl.daos.ProductDAO, class com.mushopl.conf.DataSourceConfigurationTest}', contextInitializerClasses = '[]', activeProfiles = '{test}', propertySourceLocations = '{}', propertySourceProperties = '{}', contextLoader = 'org.springframework.test.context.support.DelegatingSmartContextLoader', parent = [null]]].
14:39:39.437 [Test worker] DEBUG org.springframework.test.context.DefaultCacheAwareContextLoaderDelegate - Retrieved ApplicationContext from cache with key [[MergedContextConfiguration@1f8bff2d testClass = ProductDAOTest, locations = '{}', classes = '{class com.mushopl.config.JPAConfiguration, class com.mushopl.daos.ProductDAO, class com.mushopl.conf.DataSourceConfigurationTest}', contextInitializerClasses = '[]', activeProfiles = '{test}', propertySourceLocations = '{}', propertySourceProperties = '{}', contextLoader = 'org.springframework.test.context.support.DelegatingSmartContextLoader', parent = [null]]].
14:39:39.438 [Test worker] DEBUG org.springframework.test.context.DefaultCacheAwareContextLoaderDelegate - Retrieved ApplicationContext from cache with key [[MergedContextConfiguration@1f8bff2d testClass = ProductDAOTest, locations = '{}', classes = '{class com.mushopl.config.JPAConfiguration, class com.mushopl.daos.ProductDAO, class com.mushopl.conf.DataSourceConfigurationTest}', contextInitializerClasses = '[]', activeProfiles = '{test}', propertySourceLocations = '{}', propertySourceProperties = '{}', contextLoader = 'org.springframework.test.context.support.DelegatingSmartContextLoader', parent = [null]]].
14:39:39.438 [Test worker] DEBUG org.springframework.orm.jpa.JpaTransactionManager - Initiating transaction rollback
14:39:39.438 [Test worker] DEBUG org.springframework.orm.jpa.JpaTransactionManager - Rolling back JPA transaction on EntityManager [org.hibernate.jpa.internal.EntityManagerImpl@94fa182]
14:39:39.438 [Test worker] DEBUG org.hibernate.engine.transaction.internal.TransactionImpl - rolling back
14:39:39.444 [Test worker] DEBUG org.springframework.orm.jpa.JpaTransactionManager - Closing JPA EntityManager [org.hibernate.jpa.internal.EntityManagerImpl@94fa182] after transaction
14:39:39.444 [Test worker] DEBUG org.springframework.orm.jpa.EntityManagerFactoryUtils - Closing JPA EntityManager
14:39:39.445 [Test worker] DEBUG org.hibernate.engine.jdbc.internal.JdbcCoordinatorImpl - HHH000420: Closing un-released batch
14:39:39.445 [Test worker] INFO org.springframework.test.context.transaction.TransactionContext - Rolled back transaction for test context [DefaultTestContext@24a63b43 testClass = ProductDAOTest, testInstance = com.mushopl.daos.ProductDAOTest@134c72ae, testMethod = shouldSumEveryPriceByBookType@ProductDAOTest, testException = [null], mergedContextConfiguration = [MergedContextConfiguration@1f8bff2d testClass = ProductDAOTest, locations = '{}', classes = '{class com.mushopl.config.JPAConfiguration, class com.mushopl.daos.ProductDAO, class com.mushopl.conf.DataSourceConfigurationTest}', contextInitializerClasses = '[]', activeProfiles = '{test}', propertySourceLocations = '{}', propertySourceProperties = '{}', contextLoader = 'org.springframework.test.context.support.DelegatingSmartContextLoader', parent = [null]]].
14:39:39.446 [Test worker] DEBUG org.springframework.test.context.support.DirtiesContextTestExecutionListener - After test method: context [DefaultTestContext@24a63b43 testClass = ProductDAOTest, testInstance = com.mushopl.daos.ProductDAOTest@134c72ae, testMethod = shouldSumEveryPriceByBookType@ProductDAOTest, testException = [null], mergedContextConfiguration = [MergedContextConfiguration@1f8bff2d testClass = ProductDAOTest, locations = '{}', classes = '{class com.mushopl.config.JPAConfiguration, class com.mushopl.daos.ProductDAO, class com.mushopl.conf.DataSourceConfigurationTest}', contextInitializerClasses = '[]', activeProfiles = '{test}', propertySourceLocations = '{}', propertySourceProperties = '{}', contextLoader = 'org.springframework.test.context.support.DelegatingSmartContextLoader', parent = [null]]], class dirties context [false], class mode [null], method dirties context [false].
14:39:39.446 [Test worker] DEBUG org.springframework.test.context.support.DirtiesContextTestExecutionListener - After test class: context [DefaultTestContext@24a63b43 testClass = ProductDAOTest, testInstance = [null], testMethod = [null], testException = [null], mergedContextConfiguration = [MergedContextConfiguration@1f8bff2d testClass = ProductDAOTest, locations = '{}', classes = '{class com.mushopl.config.JPAConfiguration, class com.mushopl.daos.ProductDAO, class com.mushopl.conf.DataSourceConfigurationTest}', contextInitializerClasses = '[]', activeProfiles = '{test}', propertySourceLocations = '{}', propertySourceProperties = '{}', contextLoader = 'org.springframework.test.context.support.DelegatingSmartContextLoader', parent = [null]]], dirtiesContext [false].
]]></system-out>
  <system-err><![CDATA[]]></system-err>
</testsuite>
